This is pdfTeX, Version 3.14159265-2.6-1.40.16 (TeX Live 2015/Debian) (preloaded format=pdflatex 2017.8.31)  10 JAN 2018 20:49
entering extended mode
 restricted \write18 enabled.
 %&-line parsing enabled.
**lab3_kNNClassifier.tex
(./lab3_kNNClassifier.tex
LaTeX2e <2016/02/01>
Babel <3.9q> and hyphenation patterns for 81 language(s) loaded.
(/usr/share/texlive/texmf-dist/tex/latex/IEEEtran/IEEEtran.cls
Document Class: IEEEtran 2015/08/26 V1.8b by Michael Shell
-- See the "IEEEtran_HOWTO" manual for usage information.
-- http://www.michaelshell.org/tex/ieeetran/
\@IEEEtrantmpdimenA=\dimen102
\@IEEEtrantmpdimenB=\dimen103
\@IEEEtrantmpdimenC=\dimen104
\@IEEEtrantmpcountA=\count79
\@IEEEtrantmpcountB=\count80
\@IEEEtrantmpcountC=\count81
\@IEEEtrantmptoksA=\toks14
LaTeX Font Info:    Try loading font information for OT1+ptm on input line 503.

(/usr/share/texlive/texmf-dist/tex/latex/psnfss/ot1ptm.fd
File: ot1ptm.fd 2001/06/04 font definitions for OT1/ptm.
)
-- Using 8.5in x 11in (letter) paper.
-- Using PDF output.
\@IEEEnormalsizeunitybaselineskip=\dimen105
-- This is a 10 point document.
\CLASSINFOnormalsizebaselineskip=\dimen106
\CLASSINFOnormalsizeunitybaselineskip=\dimen107
\IEEEnormaljot=\dimen108
LaTeX Font Info:    Font shape `OT1/ptm/bx/n' in size <5> not available
(Font)              Font shape `OT1/ptm/b/n' tried instead on input line 1090.
LaTeX Font Info:    Font shape `OT1/ptm/bx/it' in size <5> not available
(Font)              Font shape `OT1/ptm/b/it' tried instead on input line 1090.

LaTeX Font Info:    Font shape `OT1/ptm/bx/n' in size <7> not available
(Font)              Font shape `OT1/ptm/b/n' tried instead on input line 1090.
LaTeX Font Info:    Font shape `OT1/ptm/bx/it' in size <7> not available
(Font)              Font shape `OT1/ptm/b/it' tried instead on input line 1090.

LaTeX Font Info:    Font shape `OT1/ptm/bx/n' in size <8> not available
(Font)              Font shape `OT1/ptm/b/n' tried instead on input line 1090.
LaTeX Font Info:    Font shape `OT1/ptm/bx/it' in size <8> not available
(Font)              Font shape `OT1/ptm/b/it' tried instead on input line 1090.

LaTeX Font Info:    Font shape `OT1/ptm/bx/n' in size <9> not available
(Font)              Font shape `OT1/ptm/b/n' tried instead on input line 1090.
LaTeX Font Info:    Font shape `OT1/ptm/bx/it' in size <9> not available
(Font)              Font shape `OT1/ptm/b/it' tried instead on input line 1090.

LaTeX Font Info:    Font shape `OT1/ptm/bx/n' in size <10> not available
(Font)              Font shape `OT1/ptm/b/n' tried instead on input line 1090.
LaTeX Font Info:    Font shape `OT1/ptm/bx/it' in size <10> not available
(Font)              Font shape `OT1/ptm/b/it' tried instead on input line 1090.

LaTeX Font Info:    Font shape `OT1/ptm/bx/n' in size <11> not available
(Font)              Font shape `OT1/ptm/b/n' tried instead on input line 1090.
LaTeX Font Info:    Font shape `OT1/ptm/bx/it' in size <11> not available
(Font)              Font shape `OT1/ptm/b/it' tried instead on input line 1090.

LaTeX Font Info:    Font shape `OT1/ptm/bx/n' in size <12> not available
(Font)              Font shape `OT1/ptm/b/n' tried instead on input line 1090.
LaTeX Font Info:    Font shape `OT1/ptm/bx/it' in size <12> not available
(Font)              Font shape `OT1/ptm/b/it' tried instead on input line 1090.

LaTeX Font Info:    Font shape `OT1/ptm/bx/n' in size <17> not available
(Font)              Font shape `OT1/ptm/b/n' tried instead on input line 1090.
LaTeX Font Info:    Font shape `OT1/ptm/bx/it' in size <17> not available
(Font)              Font shape `OT1/ptm/b/it' tried instead on input line 1090.

LaTeX Font Info:    Font shape `OT1/ptm/bx/n' in size <20> not available
(Font)              Font shape `OT1/ptm/b/n' tried instead on input line 1090.
LaTeX Font Info:    Font shape `OT1/ptm/bx/it' in size <20> not available
(Font)              Font shape `OT1/ptm/b/it' tried instead on input line 1090.

LaTeX Font Info:    Font shape `OT1/ptm/bx/n' in size <24> not available
(Font)              Font shape `OT1/ptm/b/n' tried instead on input line 1090.
LaTeX Font Info:    Font shape `OT1/ptm/bx/it' in size <24> not available
(Font)              Font shape `OT1/ptm/b/it' tried instead on input line 1090.

\IEEEquantizedlength=\dimen109
\IEEEquantizedlengthdiff=\dimen110
\IEEEquantizedtextheightdiff=\dimen111
\IEEEilabelindentA=\dimen112
\IEEEilabelindentB=\dimen113
\IEEEilabelindent=\dimen114
\IEEEelabelindent=\dimen115
\IEEEdlabelindent=\dimen116
\IEEElabelindent=\dimen117
\IEEEiednormlabelsep=\dimen118
\IEEEiedmathlabelsep=\dimen119
\IEEEiedtopsep=\skip41
\c@section=\count82
\c@subsection=\count83
\c@subsubsection=\count84
\c@paragraph=\count85
\c@IEEEsubequation=\count86
\abovecaptionskip=\skip42
\belowcaptionskip=\skip43
\c@figure=\count87
\c@table=\count88
\@IEEEeqnnumcols=\count89
\@IEEEeqncolcnt=\count90
\@IEEEsubeqnnumrollback=\count91
\@IEEEquantizeheightA=\dimen120
\@IEEEquantizeheightB=\dimen121
\@IEEEquantizeheightC=\dimen122
\@IEEEquantizeprevdepth=\dimen123
\@IEEEquantizemultiple=\count92
\@IEEEquantizeboxA=\box26
\@IEEEtmpitemindent=\dimen124
\IEEEPARstartletwidth=\dimen125
\c@IEEEbiography=\count93
\@IEEEtranrubishbin=\box27
) (/usr/share/texlive/texmf-dist/tex/latex/blindtext/blindtext.sty
Package: blindtext 2012/01/06 V2.0 blindtext-Package

(/usr/share/texlive/texmf-dist/tex/latex/tools/xspace.sty
Package: xspace 2014/10/28 v1.13 Space after command names (DPC,MH)
)
\c@blindtext=\count94
\c@Blindtext=\count95
\c@blind@countparstart=\count96
\blind@countxx=\count97
\blindtext@numBlindtext=\count98
\blind@countyy=\count99
\c@blindlist=\count100
\c@blindlistlevel=\count101
\c@blindlist@level=\count102
\blind@listitem=\count103
\c@blind@listcount=\count104
\c@blind@levelcount=\count105
\blind@mathformula=\count106
\blind@Mathformula=\count107
\c@blind@randomcount=\count108
\c@blind@randommax=\count109
\c@blind@pangramcount=\count110
\c@blind@pangrammax=\count111
)
(/usr/share/texlive/texmf-dist/tex/latex/graphics/graphicx.sty
Package: graphicx 2014/10/28 v1.0g Enhanced LaTeX Graphics (DPC,SPQR)

(/usr/share/texlive/texmf-dist/tex/latex/graphics/keyval.sty
Package: keyval 2014/10/28 v1.15 key=value parser (DPC)
\KV@toks@=\toks15
)
(/usr/share/texlive/texmf-dist/tex/latex/graphics/graphics.sty
Package: graphics 2016/01/03 v1.0q Standard LaTeX Graphics (DPC,SPQR)

(/usr/share/texlive/texmf-dist/tex/latex/graphics/trig.sty
Package: trig 2016/01/03 v1.10 sin cos tan (DPC)
)
(/usr/share/texlive/texmf-dist/tex/latex/latexconfig/graphics.cfg
File: graphics.cfg 2010/04/23 v1.9 graphics configuration of TeX Live
)
Package graphics Info: Driver file: pdftex.def on input line 95.

(/usr/share/texlive/texmf-dist/tex/latex/pdftex-def/pdftex.def
File: pdftex.def 2011/05/27 v0.06d Graphics/color for pdfTeX

(/usr/share/texlive/texmf-dist/tex/generic/oberdiek/infwarerr.sty
Package: infwarerr 2010/04/08 v1.3 Providing info/warning/error messages (HO)
)
(/usr/share/texlive/texmf-dist/tex/generic/oberdiek/ltxcmds.sty
Package: ltxcmds 2011/11/09 v1.22 LaTeX kernel commands for general use (HO)
)
\Gread@gobject=\count112
))
\Gin@req@height=\dimen126
\Gin@req@width=\dimen127
)
(/usr/share/texlive/texmf-dist/tex/latex/caption/subcaption.sty
Package: subcaption 2016/02/20 v1.1-142 Sub-captions (AR)

(/usr/share/texlive/texmf-dist/tex/latex/caption/caption.sty
Package: caption 2016/02/21 v3.3-144 Customizing captions (AR)

(/usr/share/texlive/texmf-dist/tex/latex/caption/caption3.sty
Package: caption3 2016/02/04 v1.7-139 caption3 kernel (AR)
Package caption3 Info: TeX engine: e-TeX on input line 67.
\captionmargin=\dimen128
\captionmargin@=\dimen129
\captionwidth=\dimen130
\caption@tempdima=\dimen131
\caption@indent=\dimen132
\caption@parindent=\dimen133
\caption@hangindent=\dimen134
Package caption Info: Unknown document class (or package),
(caption)             standard defaults will be used.
)

Package caption Warning: Unsupported document class (or package) detected,
(caption)                usage of the caption package is not recommended.
See the caption package documentation for explanation.

Package caption Info: \@makecaption = \long macro:#1#2->\ifx \@captype \@IEEEta
blestring \footnotesize \bgroup \par \centering \@IEEEtabletopskipstrut {\norma
lfont \footnotesize #1}\\{\normalfont \footnotesize \scshape #2}\par \addvspace
 {0.5\baselineskip }\egroup \@IEEEtablecaptionsepspace \else \@IEEEfigurecaptio
nsepspace \setbox \@tempboxa \hbox {\normalfont \footnotesize {#1.}\nobreakspac
e \nobreakspace #2}\ifdim \wd \@tempboxa >\hsize \setbox \@tempboxa \hbox {\nor
malfont \footnotesize {#1.}\nobreakspace \nobreakspace }\parbox [t]{\hsize }{\n
ormalfont \footnotesize \noindent \unhbox \@tempboxa #2}\else \ifCLASSOPTIONcon
ference \hbox to\hsize {\normalfont \footnotesize \hfil \box \@tempboxa \hfil }
\else \hbox to\hsize {\normalfont \footnotesize \box \@tempboxa \hfil }\fi \fi 
\fi .
\c@ContinuedFloat=\count113
)
\c@subfigure=\count114
\c@subtable=\count115
) (/usr/share/texlive/texmf-dist/tex/latex/graphics/color.sty
Package: color 2016/01/03 v1.1b Standard LaTeX Color (DPC)

(/usr/share/texlive/texmf-dist/tex/latex/latexconfig/color.cfg
File: color.cfg 2007/01/18 v1.5 color configuration of teTeX/TeXLive
)
Package color Info: Driver file: pdftex.def on input line 143.
)
(/usr/share/texlive/texmf-dist/tex/latex/colortbl/colortbl.sty
Package: colortbl 2012/02/13 v1.0a Color table columns (DPC)

(/usr/share/texlive/texmf-dist/tex/latex/tools/array.sty
Package: array 2014/10/28 v2.4c Tabular extension package (FMi)
\col@sep=\dimen135
\extrarowheight=\dimen136
\NC@list=\toks16
\extratabsurround=\skip44
\backup@length=\skip45
)
\everycr=\toks17
\minrowclearance=\skip46
)
(/usr/share/texlive/texmf-dist/tex/latex/amsmath/amsmath.sty
Package: amsmath 2016/03/03 v2.15a AMS math features
\@mathmargin=\skip47

For additional information on amsmath, use the `?' option.
(/usr/share/texlive/texmf-dist/tex/latex/amsmath/amstext.sty
Package: amstext 2000/06/29 v2.01 AMS text

(/usr/share/texlive/texmf-dist/tex/latex/amsmath/amsgen.sty
File: amsgen.sty 1999/11/30 v2.0 generic functions
\@emptytoks=\toks18
\ex@=\dimen137
))
(/usr/share/texlive/texmf-dist/tex/latex/amsmath/amsbsy.sty
Package: amsbsy 1999/11/29 v1.2d Bold Symbols
\pmbraise@=\dimen138
)
(/usr/share/texlive/texmf-dist/tex/latex/amsmath/amsopn.sty
Package: amsopn 1999/12/14 v2.01 operator names
)
\inf@bad=\count116
LaTeX Info: Redefining \frac on input line 199.
\uproot@=\count117
\leftroot@=\count118
LaTeX Info: Redefining \overline on input line 297.
\classnum@=\count119
\DOTSCASE@=\count120
LaTeX Info: Redefining \ldots on input line 394.
LaTeX Info: Redefining \dots on input line 397.
LaTeX Info: Redefining \cdots on input line 518.
\Mathstrutbox@=\box28
\strutbox@=\box29
\big@size=\dimen139
LaTeX Font Info:    Redeclaring font encoding OML on input line 630.
LaTeX Font Info:    Redeclaring font encoding OMS on input line 631.
\macc@depth=\count121
\c@MaxMatrixCols=\count122
\dotsspace@=\muskip10
\c@parentequation=\count123
\dspbrk@lvl=\count124
\tag@help=\toks19
\row@=\count125
\column@=\count126
\maxfields@=\count127
\andhelp@=\toks20
\eqnshift@=\dimen140
\alignsep@=\dimen141
\tagshift@=\dimen142
\tagwidth@=\dimen143
\totwidth@=\dimen144
\lineht@=\dimen145
\@envbody=\toks21
\multlinegap=\skip48
\multlinetaggap=\skip49
\mathdisplay@stack=\toks22
LaTeX Info: Redefining \[ on input line 2735.
LaTeX Info: Redefining \] on input line 2736.
)
(/usr/share/texlive/texmf-dist/tex/latex/hyperref/hyperref.sty
Package: hyperref 2012/11/06 v6.83m Hypertext links for LaTeX

(/usr/share/texlive/texmf-dist/tex/generic/oberdiek/hobsub-hyperref.sty
Package: hobsub-hyperref 2012/05/28 v1.13 Bundle oberdiek, subset hyperref (HO)


(/usr/share/texlive/texmf-dist/tex/generic/oberdiek/hobsub-generic.sty
Package: hobsub-generic 2012/05/28 v1.13 Bundle oberdiek, subset generic (HO)
Package: hobsub 2012/05/28 v1.13 Construct package bundles (HO)
Package hobsub Info: Skipping package `infwarerr' (already loaded).
Package hobsub Info: Skipping package `ltxcmds' (already loaded).
Package: ifluatex 2010/03/01 v1.3 Provides the ifluatex switch (HO)
Package ifluatex Info: LuaTeX not detected.
Package: ifvtex 2010/03/01 v1.5 Detect VTeX and its facilities (HO)
Package ifvtex Info: VTeX not detected.
Package: intcalc 2007/09/27 v1.1 Expandable calculations with integers (HO)
Package: ifpdf 2011/01/30 v2.3 Provides the ifpdf switch (HO)
Package ifpdf Info: pdfTeX in PDF mode is detected.
Package: etexcmds 2011/02/16 v1.5 Avoid name clashes with e-TeX commands (HO)
Package etexcmds Info: Could not find \expanded.
(etexcmds)             That can mean that you are not using pdfTeX 1.50 or
(etexcmds)             that some package has redefined \expanded.
(etexcmds)             In the latter case, load this package earlier.
Package: kvsetkeys 2012/04/25 v1.16 Key value parser (HO)
Package: kvdefinekeys 2011/04/07 v1.3 Define keys (HO)
Package: pdftexcmds 2011/11/29 v0.20 Utility functions of pdfTeX for LuaTeX (HO
)
Package pdftexcmds Info: LuaTeX not detected.
Package pdftexcmds Info: \pdf@primitive is available.
Package pdftexcmds Info: \pdf@ifprimitive is available.
Package pdftexcmds Info: \pdfdraftmode found.
Package: pdfescape 2011/11/25 v1.13 Implements pdfTeX's escape features (HO)
Package: bigintcalc 2012/04/08 v1.3 Expandable calculations on big integers (HO
)
Package: bitset 2011/01/30 v1.1 Handle bit-vector datatype (HO)
Package: uniquecounter 2011/01/30 v1.2 Provide unlimited unique counter (HO)
)
Package hobsub Info: Skipping package `hobsub' (already loaded).
Package: letltxmacro 2010/09/02 v1.4 Let assignment for LaTeX macros (HO)
Package: hopatch 2012/05/28 v1.2 Wrapper for package hooks (HO)
Package: xcolor-patch 2011/01/30 xcolor patch
Package: atveryend 2011/06/30 v1.8 Hooks at the very end of document (HO)
Package atveryend Info: \enddocument detected (standard20110627).
Package: atbegshi 2011/10/05 v1.16 At begin shipout hook (HO)
Package: refcount 2011/10/16 v3.4 Data extraction from label references (HO)
Package: hycolor 2011/01/30 v1.7 Color options for hyperref/bookmark (HO)
)
(/usr/share/texlive/texmf-dist/tex/generic/ifxetex/ifxetex.sty
Package: ifxetex 2010/09/12 v0.6 Provides ifxetex conditional
)
(/usr/share/texlive/texmf-dist/tex/latex/oberdiek/auxhook.sty
Package: auxhook 2011/03/04 v1.3 Hooks for auxiliary files (HO)
)
(/usr/share/texlive/texmf-dist/tex/latex/oberdiek/kvoptions.sty
Package: kvoptions 2011/06/30 v3.11 Key value format for package options (HO)
)
\@linkdim=\dimen146
\Hy@linkcounter=\count128
\Hy@pagecounter=\count129

(/usr/share/texlive/texmf-dist/tex/latex/hyperref/pd1enc.def
File: pd1enc.def 2012/11/06 v6.83m Hyperref: PDFDocEncoding definition (HO)
)
\Hy@SavedSpaceFactor=\count130

(/usr/share/texlive/texmf-dist/tex/latex/latexconfig/hyperref.cfg
File: hyperref.cfg 2002/06/06 v1.2 hyperref configuration of TeXLive
)
Package hyperref Info: Hyper figures OFF on input line 4443.
Package hyperref Info: Link nesting OFF on input line 4448.
Package hyperref Info: Hyper index ON on input line 4451.
Package hyperref Info: Plain pages OFF on input line 4458.
Package hyperref Info: Backreferencing OFF on input line 4463.
Package hyperref Info: Implicit mode ON; LaTeX internals redefined.
Package hyperref Info: Bookmarks ON on input line 4688.
\c@Hy@tempcnt=\count131

(/usr/share/texlive/texmf-dist/tex/latex/url/url.sty
\Urlmuskip=\muskip11
Package: url 2013/09/16  ver 3.4  Verb mode for urls, etc.
)
LaTeX Info: Redefining \url on input line 5041.
\XeTeXLinkMargin=\dimen147
\Fld@menulength=\count132
\Field@Width=\dimen148
\Fld@charsize=\dimen149
Package hyperref Info: Hyper figures OFF on input line 6295.
Package hyperref Info: Link nesting OFF on input line 6300.
Package hyperref Info: Hyper index ON on input line 6303.
Package hyperref Info: backreferencing OFF on input line 6310.
Package hyperref Info: Link coloring OFF on input line 6315.
Package hyperref Info: Link coloring with OCG OFF on input line 6320.
Package hyperref Info: PDF/A mode OFF on input line 6325.
LaTeX Info: Redefining \ref on input line 6365.
LaTeX Info: Redefining \pageref on input line 6369.
\Hy@abspage=\count133
\c@Item=\count134
\c@Hfootnote=\count135
)

Package hyperref Message: Driver (autodetected): hpdftex.

(/usr/share/texlive/texmf-dist/tex/latex/hyperref/hpdftex.def
File: hpdftex.def 2012/11/06 v6.83m Hyperref driver for pdfTeX
\Fld@listcount=\count136
\c@bookmark@seq@number=\count137

(/usr/share/texlive/texmf-dist/tex/latex/oberdiek/rerunfilecheck.sty
Package: rerunfilecheck 2011/04/15 v1.7 Rerun checks for auxiliary files (HO)
Package uniquecounter Info: New unique counter `rerunfilecheck' on input line 2
82.
)
\Hy@SectionHShift=\skip50
)
(/usr/share/texlive/texmf-dist/tex/latex/listings/listings.sty
\lst@mode=\count138
\lst@gtempboxa=\box30
\lst@token=\toks23
\lst@length=\count139
\lst@currlwidth=\dimen150
\lst@column=\count140
\lst@pos=\count141
\lst@lostspace=\dimen151
\lst@width=\dimen152
\lst@newlines=\count142
\lst@lineno=\count143
\lst@maxwidth=\dimen153

(/usr/share/texlive/texmf-dist/tex/latex/listings/lstmisc.sty
File: lstmisc.sty 2015/06/04 1.6 (Carsten Heinz)
\c@lstnumber=\count144
\lst@skipnumbers=\count145
\lst@framebox=\box31
)
(/usr/share/texlive/texmf-dist/tex/latex/listings/listings.cfg
File: listings.cfg 2015/06/04 1.6 listings configuration
))
Package: listings 2015/06/04 1.6 (Carsten Heinz)

(/usr/share/texlive/texmf-dist/tex/latex/xcolor/xcolor.sty
Package: xcolor 2007/01/21 v2.11 LaTeX color extensions (UK)

(/usr/share/texlive/texmf-dist/tex/latex/latexconfig/color.cfg
File: color.cfg 2007/01/18 v1.5 color configuration of teTeX/TeXLive
)
Package xcolor Info: Package option `usenames' ignored on input line 216.
Package xcolor Info: Driver file: pdftex.def on input line 225.
LaTeX Info: Redefining \color on input line 702.
Package xcolor Info: Model `cmy' substituted by `cmy0' on input line 1337.
Package xcolor Info: Model `hsb' substituted by `rgb' on input line 1341.
Package xcolor Info: Model `RGB' extended on input line 1353.
Package xcolor Info: Model `HTML' substituted by `rgb' on input line 1355.
Package xcolor Info: Model `Hsb' substituted by `hsb' on input line 1356.
Package xcolor Info: Model `tHsb' substituted by `hsb' on input line 1357.
Package xcolor Info: Model `HSB' substituted by `hsb' on input line 1358.
Package xcolor Info: Model `Gray' substituted by `gray' on input line 1359.
Package xcolor Info: Model `wave' substituted by `hsb' on input line 1360.

(/usr/share/texlive/texmf-dist/tex/latex/graphics/dvipsnam.def
File: dvipsnam.def 2015/12/30 v3.0k Driver-dependent file (DPC,SPQR)
))
(/usr/share/texlive/texmf-dist/tex/latex/algorithmicx/algpseudocode.sty
Package: algpseudocode 

(/usr/share/texlive/texmf-dist/tex/latex/base/ifthen.sty
Package: ifthen 2014/09/29 v1.1c Standard LaTeX ifthen package (DPC)
)
(/usr/share/texlive/texmf-dist/tex/latex/algorithmicx/algorithmicx.sty
Package: algorithmicx 2005/04/27 v1.2 Algorithmicx

Document Style algorithmicx 1.2 - a greatly improved `algorithmic' style
\c@ALG@line=\count146
\c@ALG@rem=\count147
\c@ALG@nested=\count148
\ALG@tlm=\skip51
\ALG@thistlm=\skip52
\c@ALG@Lnr=\count149
\c@ALG@blocknr=\count150
\c@ALG@storecount=\count151
\c@ALG@tmpcounter=\count152
\ALG@tmplength=\skip53
)
Document Style - pseudocode environments for use with the `algorithmicx' style
) (/usr/share/texlive/texmf-dist/tex/latex/algorithms/algorithm.sty
Package: algorithm 2009/08/24 v0.1 Document Style `algorithm' - floating enviro
nment

(/usr/share/texlive/texmf-dist/tex/latex/float/float.sty
Package: float 2001/11/08 v1.3d Float enhancements (AL)
\c@float@type=\count153
\float@exts=\toks24
\float@box=\box32
\@float@everytoks=\toks25
\@floatcapt=\box33
)
\@float@every@algorithm=\toks26
\c@algorithm=\count154
)
(./lab3_kNNClassifier.aux)
\openout1 = `lab3_kNNClassifier.aux'.

LaTeX Font Info:    Checking defaults for OML/cmm/m/it on input line 410.
LaTeX Font Info:    ... okay on input line 410.
LaTeX Font Info:    Checking defaults for T1/cmr/m/n on input line 410.
LaTeX Font Info:    ... okay on input line 410.
LaTeX Font Info:    Checking defaults for OT1/cmr/m/n on input line 410.
LaTeX Font Info:    ... okay on input line 410.
LaTeX Font Info:    Checking defaults for OMS/cmsy/m/n on input line 410.
LaTeX Font Info:    ... okay on input line 410.
LaTeX Font Info:    Checking defaults for OMX/cmex/m/n on input line 410.
LaTeX Font Info:    ... okay on input line 410.
LaTeX Font Info:    Checking defaults for U/cmr/m/n on input line 410.
LaTeX Font Info:    ... okay on input line 410.
LaTeX Font Info:    Checking defaults for PD1/pdf/m/n on input line 410.
LaTeX Font Info:    ... okay on input line 410.

-- Lines per column: 58 (exact).
(/usr/share/texlive/texmf-dist/tex/context/base/supp-pdf.mkii
[Loading MPS to PDF converter (version 2006.09.02).]
\scratchcounter=\count155
\scratchdimen=\dimen154
\scratchbox=\box34
\nofMPsegments=\count156
\nofMParguments=\count157
\everyMPshowfont=\toks27
\MPscratchCnt=\count158
\MPscratchDim=\dimen155
\MPnumerator=\count159
\makeMPintoPDFobject=\count160
\everyMPtoPDFconversion=\toks28
) (/usr/share/texlive/texmf-dist/tex/latex/oberdiek/epstopdf-base.sty
Package: epstopdf-base 2010/02/09 v2.5 Base part for package epstopdf

(/usr/share/texlive/texmf-dist/tex/latex/oberdiek/grfext.sty
Package: grfext 2010/08/19 v1.1 Manage graphics extensions (HO)
)
Package grfext Info: Graphics extension search list:
(grfext)             [.png,.pdf,.jpg,.mps,.jpeg,.jbig2,.jb2,.PNG,.PDF,.JPG,.JPE
G,.JBIG2,.JB2,.eps]
(grfext)             \AppendGraphicsExtensions on input line 452.

(/usr/share/texlive/texmf-dist/tex/latex/latexconfig/epstopdf-sys.cfg
File: epstopdf-sys.cfg 2010/07/13 v1.3 Configuration of (r)epstopdf for TeX Liv
e
))
Package caption Info: Begin \AtBeginDocument code.
Package caption Info: float package is loaded.
Package caption Info: hyperref package is loaded.
Package caption Info: listings package is loaded.
Package caption Info: End \AtBeginDocument code.
\AtBeginShipoutBox=\box35
Package hyperref Info: Link coloring OFF on input line 410.

(/usr/share/texlive/texmf-dist/tex/latex/hyperref/nameref.sty
Package: nameref 2012/10/27 v2.43 Cross-referencing by name of section

(/usr/share/texlive/texmf-dist/tex/generic/oberdiek/gettitlestring.sty
Package: gettitlestring 2010/12/03 v1.4 Cleanup title references (HO)
)
\c@section@level=\count161
)
LaTeX Info: Redefining \ref on input line 410.
LaTeX Info: Redefining \pageref on input line 410.
LaTeX Info: Redefining \nameref on input line 410.

(./lab3_kNNClassifier.out) (./lab3_kNNClassifier.out)
\@outlinefile=\write3
\openout3 = `lab3_kNNClassifier.out'.

\c@lstlisting=\count162

(/usr/share/texlive/texmf-dist/tex/latex/listings/lstlang1.sty
File: lstlang1.sty 2015/06/04 1.6 listings language file
)
LaTeX Font Info:    Calculating math sizes for size <24> on input line 498.
LaTeX Font Info:    Font shape `OT1/ptm/bx/sc' in size <9> not available
(Font)              Font shape `OT1/ptm/b/sc' tried instead on input line 502.

(./introduction.tex

Package hyperref Warning: Token not allowed in a PDF string (PDFDocEncoding):
(hyperref)                removing `math shift' on input line 1.


Package hyperref Warning: Token not allowed in a PDF string (PDFDocEncoding):
(hyperref)                removing `math shift' on input line 1.

<./Images/Knn-introduction.png, id=48, 385.44pt x 289.08pt>
File: ./Images/Knn-introduction.png Graphic file (type png)

<use ./Images/Knn-introduction.png>
Package pdftex.def Info: ./Images/Knn-introduction.png used on input line 12.
(pdftex.def)             Requested size: 216.71906pt x 162.53651pt.
 [1{/var/lib/texmf/fonts/map/pdftex/updmap/pdftex.map}


 <./Images/Knn-introduction.png>]) (./approach.tex
LaTeX Font Info:    Try loading font information for OT1+pcr on input line 23.

(/usr/share/texlive/texmf-dist/tex/latex/psnfss/ot1pcr.fd
File: ot1pcr.fd 2001/06/04 font definitions for OT1/pcr.
)) (./results.tex

LaTeX Warning: No positions in optional float specifier.
               Default added (so using `tbp') on input line 2.

Package epstopdf Info: Source file: <./Images/random_digits.eps>
(epstopdf)                    date: 2018-01-08 16:45:04
(epstopdf)                    size: 22908 bytes
(epstopdf)             Output file: <./Images/random_digits-eps-converted-to.pd
f>
(epstopdf)                    date: 2018-01-08 16:45:07
(epstopdf)                    size: 12008 bytes
(epstopdf)             Command: <repstopdf --outfile=./Images/random_digits-eps
-converted-to.pdf ./Images/random_digits.eps>
(epstopdf)             \includegraphics on input line 4.
Package epstopdf Info: Output file is already uptodate.

<./Images/random_digits-eps-converted-to.pdf, id=70, 356.33125pt x 339.2675pt>
File: ./Images/random_digits-eps-converted-to.pdf Graphic file (type pdf)

<use ./Images/random_digits-eps-converted-to.pdf>
Package pdftex.def Info: ./Images/random_digits-eps-converted-to.pdf used on in
put line 4.
(pdftex.def)             Requested size: 206.39685pt x 194.89111pt.
 [2 <./Images/random_digits-eps-converted-to.pdf>]
Underfull \hbox (badness 10000) in paragraph at lines 19--20
[][][][][][][][][][][][][][][][][][][][][]
 []


Underfull \hbox (badness 10000) in paragraph at lines 20--22
[][][][][][][][][][][][][][][][][][][][][]
 []

Package epstopdf Info: Source file: <./Images/confmat_1.eps>
(epstopdf)                    date: 2018-01-09 22:23:12
(epstopdf)                    size: 103649 bytes
(epstopdf)             Output file: <./Images/confmat_1-eps-converted-to.pdf>
(epstopdf)                    date: 2018-01-09 22:23:15
(epstopdf)                    size: 85582 bytes
(epstopdf)             Command: <repstopdf --outfile=./Images/confmat_1-eps-con
verted-to.pdf ./Images/confmat_1.eps>
(epstopdf)             \includegraphics on input line 33.
Package epstopdf Info: Output file is already uptodate.
<./Images/confmat_1-eps-converted-to.pdf, id=98, 331.2375pt x 315.1775pt>
File: ./Images/confmat_1-eps-converted-to.pdf Graphic file (type pdf)

<use ./Images/confmat_1-eps-converted-to.pdf>
Package pdftex.def Info: ./Images/confmat_1-eps-converted-to.pdf used on input 
line 33.
(pdftex.def)             Requested size: 206.39685pt x 196.3891pt.


LaTeX Warning: No positions in optional float specifier.
               Default added (so using `tbp') on input line 41.

Package epstopdf Info: Source file: <./Images/rates_1.eps>
(epstopdf)                    date: 2018-01-09 23:00:16
(epstopdf)                    size: 165873 bytes
(epstopdf)             Output file: <./Images/rates_1-eps-converted-to.pdf>
(epstopdf)                    date: 2018-01-09 23:11:59
(epstopdf)                    size: 176543 bytes
(epstopdf)             Command: <repstopdf --outfile=./Images/rates_1-eps-conve
rted-to.pdf ./Images/rates_1.eps>
(epstopdf)             \includegraphics on input line 51.
Package epstopdf Info: Output file is already uptodate.
<./Images/rates_1-eps-converted-to.pdf, id=101, 316.18124pt x 282.05376pt>
File: ./Images/rates_1-eps-converted-to.pdf Graphic file (type pdf)

<use ./Images/rates_1-eps-converted-to.pdf>
Package pdftex.def Info: ./Images/rates_1-eps-converted-to.pdf used on input li
ne 51.
(pdftex.def)             Requested size: 206.39685pt x 184.12035pt.
Package epstopdf Info: Source file: <./Images/confmat_2.eps>
(epstopdf)                    date: 2018-01-09 23:13:03
(epstopdf)                    size: 132003 bytes
(epstopdf)             Output file: <./Images/confmat_2-eps-converted-to.pdf>
(epstopdf)                    date: 2018-01-09 23:24:10
(epstopdf)                    size: 139909 bytes
(epstopdf)             Command: <repstopdf --outfile=./Images/confmat_2-eps-con
verted-to.pdf ./Images/confmat_2.eps>
(epstopdf)             \includegraphics on input line 55.
Package epstopdf Info: Output file is already uptodate.

<./Images/confmat_2-eps-converted-to.pdf, id=102, 331.2375pt x 315.1775pt>
File: ./Images/confmat_2-eps-converted-to.pdf Graphic file (type pdf)

<use ./Images/confmat_2-eps-converted-to.pdf>
Package pdftex.def Info: ./Images/confmat_2-eps-converted-to.pdf used on input 
line 55.
(pdftex.def)             Requested size: 206.39685pt x 196.3891pt.


Package hyperref Warning: Token not allowed in a PDF string (PDFDocEncoding):
(hyperref)                removing `math shift' on input line 64.


Package hyperref Warning: Token not allowed in a PDF string (PDFDocEncoding):
(hyperref)                removing `math shift' on input line 64.

[3 <./Images/confmat_1-eps-converted-to.pdf> <./Images/rates_1-eps-converted-to
.pdf> <./Images/confmat_2-eps-converted-to.pdf>]
Package hyperref Info: bookmark level for unknown algorithm defaults to 0 on in
put line 74.


LaTeX Warning: No positions in optional float specifier.
               Default added (so using `tbp') on input line 94.

Package epstopdf Info: Source file: <./Images/knn_rates_2.eps>
(epstopdf)                    date: 2018-01-10 02:10:48
(epstopdf)                    size: 105079 bytes
(epstopdf)             Output file: <./Images/knn_rates_2-eps-converted-to.pdf>

(epstopdf)                    date: 2018-01-10 02:10:55
(epstopdf)                    size: 54819 bytes
(epstopdf)             Command: <repstopdf --outfile=./Images/knn_rates_2-eps-c
onverted-to.pdf ./Images/knn_rates_2.eps>
(epstopdf)             \includegraphics on input line 96.
Package epstopdf Info: Output file is already uptodate.
<./Images/knn_rates_2-eps-converted-to.pdf, id=142, 376.40625pt x 248.93pt>
File: ./Images/knn_rates_2-eps-converted-to.pdf Graphic file (type pdf)

<use ./Images/knn_rates_2-eps-converted-to.pdf>
Package pdftex.def Info: ./Images/knn_rates_2-eps-converted-to.pdf used on inpu
t line 96.
(pdftex.def)             Requested size: 232.19843pt x 153.56392pt.


LaTeX Warning: No positions in optional float specifier.
               Default added (so using `tbp') on input line 102.

Package epstopdf Info: Source file: <./Images/gridsearch.eps>
(epstopdf)                    date: 2018-01-10 17:33:38
(epstopdf)                    size: 116044 bytes
(epstopdf)             Output file: <./Images/gridsearch-eps-converted-to.pdf>
(epstopdf)                    date: 2018-01-10 17:33:44
(epstopdf)                    size: 59570 bytes
(epstopdf)             Command: <repstopdf --outfile=./Images/gridsearch-eps-co
nverted-to.pdf ./Images/gridsearch.eps>
(epstopdf)             \includegraphics on input line 104.
Package epstopdf Info: Output file is already uptodate.
<./Images/gridsearch-eps-converted-to.pdf, id=144, 376.40625pt x 248.93pt>
File: ./Images/gridsearch-eps-converted-to.pdf Graphic file (type pdf)

<use ./Images/gridsearch-eps-converted-to.pdf>
Package pdftex.def Info: ./Images/gridsearch-eps-converted-to.pdf used on input
 line 104.
(pdftex.def)             Requested size: 232.19843pt x 153.56392pt.
) [4 <./Images/knn_rates_2-eps-converted-to.pdf> <./Images/gridsearch-eps-conve
rted-to.pdf>] (./appendix.tex
Package epstopdf Info: Source file: <./Images/tSNE_0.eps>
(epstopdf)                    date: 2018-01-10 19:43:11
(epstopdf)                    size: 509065 bytes
(epstopdf)             Output file: <./Images/tSNE_0-eps-converted-to.pdf>
(epstopdf)                    date: 2018-01-10 19:47:15
(epstopdf)                    size: 139567 bytes
(epstopdf)             Command: <repstopdf --outfile=./Images/tSNE_0-eps-conver
ted-to.pdf ./Images/tSNE_0.eps>
(epstopdf)             \includegraphics on input line 10.
Package epstopdf Info: Output file is already uptodate.

<./Images/tSNE_0-eps-converted-to.pdf, id=160, 376.40625pt x 313.17pt>
File: ./Images/tSNE_0-eps-converted-to.pdf Graphic file (type pdf)

<use ./Images/tSNE_0-eps-converted-to.pdf>
Package pdftex.def Info: ./Images/tSNE_0-eps-converted-to.pdf used on input lin
e 10.
(pdftex.def)             Requested size: 232.19843pt x 205.86243pt.


LaTeX Warning: No positions in optional float specifier.
               Default added (so using `tbp') on input line 20.

Package epstopdf Info: Source file: <./Images/tSNE_2.eps>
(epstopdf)                    date: 2018-01-10 20:13:15
(epstopdf)                    size: 529972 bytes
(epstopdf)             Output file: <./Images/tSNE_2-eps-converted-to.pdf>
(epstopdf)                    date: 2018-01-10 20:14:08
(epstopdf)                    size: 154539 bytes
(epstopdf)             Command: <repstopdf --outfile=./Images/tSNE_2-eps-conver
ted-to.pdf ./Images/tSNE_2.eps>
(epstopdf)             \includegraphics on input line 24.
Package epstopdf Info: Output file is already uptodate.
<./Images/tSNE_2-eps-converted-to.pdf, id=162, 376.40625pt x 316.18124pt>
File: ./Images/tSNE_2-eps-converted-to.pdf Graphic file (type pdf)

<use ./Images/tSNE_2-eps-converted-to.pdf>
Package pdftex.def Info: ./Images/tSNE_2-eps-converted-to.pdf used on input lin
e 24.
(pdftex.def)             Requested size: 232.19843pt x 207.94185pt.
Package epstopdf Info: Source file: <./Images/tSNE_3.eps>
(epstopdf)                    date: 2018-01-10 20:13:26
(epstopdf)                    size: 527048 bytes
(epstopdf)             Output file: <./Images/tSNE_3-eps-converted-to.pdf>
(epstopdf)                    date: 2018-01-10 20:14:09
(epstopdf)                    size: 150491 bytes
(epstopdf)             Command: <repstopdf --outfile=./Images/tSNE_3-eps-conver
ted-to.pdf ./Images/tSNE_3.eps>
(epstopdf)             \includegraphics on input line 32.
Package epstopdf Info: Output file is already uptodate.

<./Images/tSNE_3-eps-converted-to.pdf, id=164, 376.40625pt x 316.18124pt>
File: ./Images/tSNE_3-eps-converted-to.pdf Graphic file (type pdf)

<use ./Images/tSNE_3-eps-converted-to.pdf>
Package pdftex.def Info: ./Images/tSNE_3-eps-converted-to.pdf used on input lin
e 32.
(pdftex.def)             Requested size: 232.19843pt x 207.94185pt.
Package epstopdf Info: Source file: <./Images/tSNE_4.eps>
(epstopdf)                    date: 2018-01-10 20:19:00
(epstopdf)                    size: 524457 bytes
(epstopdf)             Output file: <./Images/tSNE_4-eps-converted-to.pdf>
(epstopdf)                    date: 2018-01-10 20:19:04
(epstopdf)                    size: 149150 bytes
(epstopdf)             Command: <repstopdf --outfile=./Images/tSNE_4-eps-conver
ted-to.pdf ./Images/tSNE_4.eps>
(epstopdf)             \includegraphics on input line 38.
Package epstopdf Info: Output file is already uptodate.

<./Images/tSNE_4-eps-converted-to.pdf, id=166, 376.40625pt x 315.1775pt>
File: ./Images/tSNE_4-eps-converted-to.pdf Graphic file (type pdf)

<use ./Images/tSNE_4-eps-converted-to.pdf>
Package pdftex.def Info: ./Images/tSNE_4-eps-converted-to.pdf used on input lin
e 38.
(pdftex.def)             Requested size: 232.19843pt x 207.24872pt.
) (./lab3_kNNClassifier.bbl
Underfull \hbox (badness 10000) in paragraph at lines 25--28
\OT1/ptm/m/n/8 / / www . dataschool . io / simple-[]guide-[]to-[]confusion-[]ma
trix-[]terminology/$[],
 []

)
Package atveryend Info: Empty hook `BeforeClearDocument' on input line 740.
 [5 <./Images/tSNE_0-eps-converted-to.pdf> <./Images/tSNE_2-eps-converted-to.pd
f> <./Images/tSNE_3-eps-converted-to.pdf> <./Images/tSNE_4-eps-converted-to.pdf
>]
Package atveryend Info: Empty hook `AfterLastShipout' on input line 740.
 (./lab3_kNNClassifier.aux)
Package atveryend Info: Executing hook `AtVeryEndDocument' on input line 740.
Package atveryend Info: Executing hook `AtEndAfterFileList' on input line 740.
Package rerunfilecheck Info: File `lab3_kNNClassifier.out' has not changed.
(rerunfilecheck)             Checksum: 77CC36E23CED621126850A9146F12A7F;660.
Package atveryend Info: Empty hook `AtVeryVeryEnd' on input line 740.
 ) 
Here is how much of TeX's memory you used:
 11005 strings out of 493029
 167007 string characters out of 6136234
 307285 words of memory out of 5000000
 14303 multiletter control sequences out of 15000+600000
 53426 words of font info for 113 fonts, out of 8000000 for 9000
 1144 hyphenation exceptions out of 8191
 42i,13n,40p,863b,2219s stack positions out of 5000i,500n,10000p,200000b,80000s
{/usr/share/texlive/texmf-dist/fonts/enc/dvips/base/8r.enc}</usr/share/texliv
e/texmf-dist/fonts/type1/public/amsfonts/cm/cmex10.pfb></usr/share/texlive/texm
f-dist/fonts/type1/public/amsfonts/cm/cmmi10.pfb></usr/share/texlive/texmf-dist
/fonts/type1/public/amsfonts/cm/cmmi12.pfb></usr/share/texlive/texmf-dist/fonts
/type1/public/amsfonts/cm/cmmi7.pfb></usr/share/texlive/texmf-dist/fonts/type1/
public/amsfonts/cm/cmmi8.pfb></usr/share/texlive/texmf-dist/fonts/type1/public/
amsfonts/cm/cmmi9.pfb></usr/share/texlive/texmf-dist/fonts/type1/public/amsfont
s/cm/cmmib10.pfb></usr/share/texlive/texmf-dist/fonts/type1/public/amsfonts/cm/
cmr10.pfb></usr/share/texlive/texmf-dist/fonts/type1/public/amsfonts/cm/cmr7.pf
b></usr/share/texlive/texmf-dist/fonts/type1/public/amsfonts/cm/cmr8.pfb></usr/
share/texlive/texmf-dist/fonts/type1/public/amsfonts/cm/cmr9.pfb></usr/share/te
xlive/texmf-dist/fonts/type1/public/amsfonts/cm/cmsy10.pfb></usr/share/texlive/
texmf-dist/fonts/type1/public/amsfonts/cm/cmsy7.pfb></usr/share/texlive/texmf-d
ist/fonts/type1/urw/courier/ucrr8a.pfb></usr/share/texlive/texmf-dist/fonts/typ
e1/urw/times/utmb8a.pfb></usr/share/texlive/texmf-dist/fonts/type1/urw/times/ut
mbi8a.pfb></usr/share/texlive/texmf-dist/fonts/type1/urw/times/utmr8a.pfb></usr
/share/texlive/texmf-dist/fonts/type1/urw/times/utmri8a.pfb>
Output written on lab3_kNNClassifier.pdf (5 pages, 1324068 bytes).
PDF statistics:
 266 PDF objects out of 1000 (max. 8388607)
 215 compressed objects within 3 object streams
 57 named destinations out of 1000 (max. 500000)
 174 words of extra memory for PDF output out of 10000 (max. 10000000)

