This is pdfTeX, Version 3.14159265-2.6-1.40.16 (TeX Live 2015/Debian) (preloaded format=pdflatex 2017.8.31)  10 JAN 2018 17:50
entering extended mode
 restricted \write18 enabled.
 %&-line parsing enabled.
**lab4_perceptronClassifier.tex
(./lab4_perceptronClassifier.tex
LaTeX2e <2016/02/01>
Babel <3.9q> and hyphenation patterns for 81 language(s) loaded.
(/usr/share/texlive/texmf-dist/tex/latex/IEEEtran/IEEEtran.cls
Document Class: IEEEtran 2015/08/26 V1.8b by Michael Shell
-- See the "IEEEtran_HOWTO" manual for usage information.
-- http://www.michaelshell.org/tex/ieeetran/
\@IEEEtrantmpdimenA=\dimen102
\@IEEEtrantmpdimenB=\dimen103
\@IEEEtrantmpdimenC=\dimen104
\@IEEEtrantmpcountA=\count79
\@IEEEtrantmpcountB=\count80
\@IEEEtrantmpcountC=\count81
\@IEEEtrantmptoksA=\toks14
LaTeX Font Info:    Try loading font information for OT1+ptm on input line 503.

(/usr/share/texlive/texmf-dist/tex/latex/psnfss/ot1ptm.fd
File: ot1ptm.fd 2001/06/04 font definitions for OT1/ptm.
)
-- Using 8.5in x 11in (letter) paper.
-- Using PDF output.
\@IEEEnormalsizeunitybaselineskip=\dimen105
-- This is a 10 point document.
\CLASSINFOnormalsizebaselineskip=\dimen106
\CLASSINFOnormalsizeunitybaselineskip=\dimen107
\IEEEnormaljot=\dimen108
LaTeX Font Info:    Font shape `OT1/ptm/bx/n' in size <5> not available
(Font)              Font shape `OT1/ptm/b/n' tried instead on input line 1090.
LaTeX Font Info:    Font shape `OT1/ptm/bx/it' in size <5> not available
(Font)              Font shape `OT1/ptm/b/it' tried instead on input line 1090.

LaTeX Font Info:    Font shape `OT1/ptm/bx/n' in size <7> not available
(Font)              Font shape `OT1/ptm/b/n' tried instead on input line 1090.
LaTeX Font Info:    Font shape `OT1/ptm/bx/it' in size <7> not available
(Font)              Font shape `OT1/ptm/b/it' tried instead on input line 1090.

LaTeX Font Info:    Font shape `OT1/ptm/bx/n' in size <8> not available
(Font)              Font shape `OT1/ptm/b/n' tried instead on input line 1090.
LaTeX Font Info:    Font shape `OT1/ptm/bx/it' in size <8> not available
(Font)              Font shape `OT1/ptm/b/it' tried instead on input line 1090.

LaTeX Font Info:    Font shape `OT1/ptm/bx/n' in size <9> not available
(Font)              Font shape `OT1/ptm/b/n' tried instead on input line 1090.
LaTeX Font Info:    Font shape `OT1/ptm/bx/it' in size <9> not available
(Font)              Font shape `OT1/ptm/b/it' tried instead on input line 1090.

LaTeX Font Info:    Font shape `OT1/ptm/bx/n' in size <10> not available
(Font)              Font shape `OT1/ptm/b/n' tried instead on input line 1090.
LaTeX Font Info:    Font shape `OT1/ptm/bx/it' in size <10> not available
(Font)              Font shape `OT1/ptm/b/it' tried instead on input line 1090.

LaTeX Font Info:    Font shape `OT1/ptm/bx/n' in size <11> not available
(Font)              Font shape `OT1/ptm/b/n' tried instead on input line 1090.
LaTeX Font Info:    Font shape `OT1/ptm/bx/it' in size <11> not available
(Font)              Font shape `OT1/ptm/b/it' tried instead on input line 1090.

LaTeX Font Info:    Font shape `OT1/ptm/bx/n' in size <12> not available
(Font)              Font shape `OT1/ptm/b/n' tried instead on input line 1090.
LaTeX Font Info:    Font shape `OT1/ptm/bx/it' in size <12> not available
(Font)              Font shape `OT1/ptm/b/it' tried instead on input line 1090.

LaTeX Font Info:    Font shape `OT1/ptm/bx/n' in size <17> not available
(Font)              Font shape `OT1/ptm/b/n' tried instead on input line 1090.
LaTeX Font Info:    Font shape `OT1/ptm/bx/it' in size <17> not available
(Font)              Font shape `OT1/ptm/b/it' tried instead on input line 1090.

LaTeX Font Info:    Font shape `OT1/ptm/bx/n' in size <20> not available
(Font)              Font shape `OT1/ptm/b/n' tried instead on input line 1090.
LaTeX Font Info:    Font shape `OT1/ptm/bx/it' in size <20> not available
(Font)              Font shape `OT1/ptm/b/it' tried instead on input line 1090.

LaTeX Font Info:    Font shape `OT1/ptm/bx/n' in size <24> not available
(Font)              Font shape `OT1/ptm/b/n' tried instead on input line 1090.
LaTeX Font Info:    Font shape `OT1/ptm/bx/it' in size <24> not available
(Font)              Font shape `OT1/ptm/b/it' tried instead on input line 1090.

\IEEEquantizedlength=\dimen109
\IEEEquantizedlengthdiff=\dimen110
\IEEEquantizedtextheightdiff=\dimen111
\IEEEilabelindentA=\dimen112
\IEEEilabelindentB=\dimen113
\IEEEilabelindent=\dimen114
\IEEEelabelindent=\dimen115
\IEEEdlabelindent=\dimen116
\IEEElabelindent=\dimen117
\IEEEiednormlabelsep=\dimen118
\IEEEiedmathlabelsep=\dimen119
\IEEEiedtopsep=\skip41
\c@section=\count82
\c@subsection=\count83
\c@subsubsection=\count84
\c@paragraph=\count85
\c@IEEEsubequation=\count86
\abovecaptionskip=\skip42
\belowcaptionskip=\skip43
\c@figure=\count87
\c@table=\count88
\@IEEEeqnnumcols=\count89
\@IEEEeqncolcnt=\count90
\@IEEEsubeqnnumrollback=\count91
\@IEEEquantizeheightA=\dimen120
\@IEEEquantizeheightB=\dimen121
\@IEEEquantizeheightC=\dimen122
\@IEEEquantizeprevdepth=\dimen123
\@IEEEquantizemultiple=\count92
\@IEEEquantizeboxA=\box26
\@IEEEtmpitemindent=\dimen124
\IEEEPARstartletwidth=\dimen125
\c@IEEEbiography=\count93
\@IEEEtranrubishbin=\box27
) (/usr/share/texlive/texmf-dist/tex/latex/blindtext/blindtext.sty
Package: blindtext 2012/01/06 V2.0 blindtext-Package

(/usr/share/texlive/texmf-dist/tex/latex/tools/xspace.sty
Package: xspace 2014/10/28 v1.13 Space after command names (DPC,MH)
)
\c@blindtext=\count94
\c@Blindtext=\count95
\c@blind@countparstart=\count96
\blind@countxx=\count97
\blindtext@numBlindtext=\count98
\blind@countyy=\count99
\c@blindlist=\count100
\c@blindlistlevel=\count101
\c@blindlist@level=\count102
\blind@listitem=\count103
\c@blind@listcount=\count104
\c@blind@levelcount=\count105
\blind@mathformula=\count106
\blind@Mathformula=\count107
\c@blind@randomcount=\count108
\c@blind@randommax=\count109
\c@blind@pangramcount=\count110
\c@blind@pangrammax=\count111
)
(/usr/share/texlive/texmf-dist/tex/latex/graphics/graphicx.sty
Package: graphicx 2014/10/28 v1.0g Enhanced LaTeX Graphics (DPC,SPQR)

(/usr/share/texlive/texmf-dist/tex/latex/graphics/keyval.sty
Package: keyval 2014/10/28 v1.15 key=value parser (DPC)
\KV@toks@=\toks15
)
(/usr/share/texlive/texmf-dist/tex/latex/graphics/graphics.sty
Package: graphics 2016/01/03 v1.0q Standard LaTeX Graphics (DPC,SPQR)

(/usr/share/texlive/texmf-dist/tex/latex/graphics/trig.sty
Package: trig 2016/01/03 v1.10 sin cos tan (DPC)
)
(/usr/share/texlive/texmf-dist/tex/latex/latexconfig/graphics.cfg
File: graphics.cfg 2010/04/23 v1.9 graphics configuration of TeX Live
)
Package graphics Info: Driver file: pdftex.def on input line 95.

(/usr/share/texlive/texmf-dist/tex/latex/pdftex-def/pdftex.def
File: pdftex.def 2011/05/27 v0.06d Graphics/color for pdfTeX

(/usr/share/texlive/texmf-dist/tex/generic/oberdiek/infwarerr.sty
Package: infwarerr 2010/04/08 v1.3 Providing info/warning/error messages (HO)
)
(/usr/share/texlive/texmf-dist/tex/generic/oberdiek/ltxcmds.sty
Package: ltxcmds 2011/11/09 v1.22 LaTeX kernel commands for general use (HO)
)
\Gread@gobject=\count112
))
\Gin@req@height=\dimen126
\Gin@req@width=\dimen127
)
(/usr/share/texlive/texmf-dist/tex/latex/caption/subcaption.sty
Package: subcaption 2016/02/20 v1.1-142 Sub-captions (AR)

(/usr/share/texlive/texmf-dist/tex/latex/caption/caption.sty
Package: caption 2016/02/21 v3.3-144 Customizing captions (AR)

(/usr/share/texlive/texmf-dist/tex/latex/caption/caption3.sty
Package: caption3 2016/02/04 v1.7-139 caption3 kernel (AR)
Package caption3 Info: TeX engine: e-TeX on input line 67.
\captionmargin=\dimen128
\captionmargin@=\dimen129
\captionwidth=\dimen130
\caption@tempdima=\dimen131
\caption@indent=\dimen132
\caption@parindent=\dimen133
\caption@hangindent=\dimen134
Package caption Info: Unknown document class (or package),
(caption)             standard defaults will be used.
)

Package caption Warning: Unsupported document class (or package) detected,
(caption)                usage of the caption package is not recommended.
See the caption package documentation for explanation.

Package caption Info: \@makecaption = \long macro:#1#2->\ifx \@captype \@IEEEta
blestring \footnotesize \bgroup \par \centering \@IEEEtabletopskipstrut {\norma
lfont \footnotesize #1}\\{\normalfont \footnotesize \scshape #2}\par \addvspace
 {0.5\baselineskip }\egroup \@IEEEtablecaptionsepspace \else \@IEEEfigurecaptio
nsepspace \setbox \@tempboxa \hbox {\normalfont \footnotesize {#1.}\nobreakspac
e \nobreakspace #2}\ifdim \wd \@tempboxa >\hsize \setbox \@tempboxa \hbox {\nor
malfont \footnotesize {#1.}\nobreakspace \nobreakspace }\parbox [t]{\hsize }{\n
ormalfont \footnotesize \noindent \unhbox \@tempboxa #2}\else \ifCLASSOPTIONcon
ference \hbox to\hsize {\normalfont \footnotesize \hfil \box \@tempboxa \hfil }
\else \hbox to\hsize {\normalfont \footnotesize \box \@tempboxa \hfil }\fi \fi 
\fi .
\c@ContinuedFloat=\count113
)
\c@subfigure=\count114
\c@subtable=\count115
) (/usr/share/texlive/texmf-dist/tex/latex/graphics/color.sty
Package: color 2016/01/03 v1.1b Standard LaTeX Color (DPC)

(/usr/share/texlive/texmf-dist/tex/latex/latexconfig/color.cfg
File: color.cfg 2007/01/18 v1.5 color configuration of teTeX/TeXLive
)
Package color Info: Driver file: pdftex.def on input line 143.
)
(/usr/share/texlive/texmf-dist/tex/latex/colortbl/colortbl.sty
Package: colortbl 2012/02/13 v1.0a Color table columns (DPC)

(/usr/share/texlive/texmf-dist/tex/latex/tools/array.sty
Package: array 2014/10/28 v2.4c Tabular extension package (FMi)
\col@sep=\dimen135
\extrarowheight=\dimen136
\NC@list=\toks16
\extratabsurround=\skip44
\backup@length=\skip45
)
\everycr=\toks17
\minrowclearance=\skip46
)
(/usr/share/texlive/texmf-dist/tex/latex/amsmath/amsmath.sty
Package: amsmath 2016/03/03 v2.15a AMS math features
\@mathmargin=\skip47

For additional information on amsmath, use the `?' option.
(/usr/share/texlive/texmf-dist/tex/latex/amsmath/amstext.sty
Package: amstext 2000/06/29 v2.01 AMS text

(/usr/share/texlive/texmf-dist/tex/latex/amsmath/amsgen.sty
File: amsgen.sty 1999/11/30 v2.0 generic functions
\@emptytoks=\toks18
\ex@=\dimen137
))
(/usr/share/texlive/texmf-dist/tex/latex/amsmath/amsbsy.sty
Package: amsbsy 1999/11/29 v1.2d Bold Symbols
\pmbraise@=\dimen138
)
(/usr/share/texlive/texmf-dist/tex/latex/amsmath/amsopn.sty
Package: amsopn 1999/12/14 v2.01 operator names
)
\inf@bad=\count116
LaTeX Info: Redefining \frac on input line 199.
\uproot@=\count117
\leftroot@=\count118
LaTeX Info: Redefining \overline on input line 297.
\classnum@=\count119
\DOTSCASE@=\count120
LaTeX Info: Redefining \ldots on input line 394.
LaTeX Info: Redefining \dots on input line 397.
LaTeX Info: Redefining \cdots on input line 518.
\Mathstrutbox@=\box28
\strutbox@=\box29
\big@size=\dimen139
LaTeX Font Info:    Redeclaring font encoding OML on input line 630.
LaTeX Font Info:    Redeclaring font encoding OMS on input line 631.
\macc@depth=\count121
\c@MaxMatrixCols=\count122
\dotsspace@=\muskip10
\c@parentequation=\count123
\dspbrk@lvl=\count124
\tag@help=\toks19
\row@=\count125
\column@=\count126
\maxfields@=\count127
\andhelp@=\toks20
\eqnshift@=\dimen140
\alignsep@=\dimen141
\tagshift@=\dimen142
\tagwidth@=\dimen143
\totwidth@=\dimen144
\lineht@=\dimen145
\@envbody=\toks21
\multlinegap=\skip48
\multlinetaggap=\skip49
\mathdisplay@stack=\toks22
LaTeX Info: Redefining \[ on input line 2735.
LaTeX Info: Redefining \] on input line 2736.
)
(/usr/share/texlive/texmf-dist/tex/latex/hyperref/hyperref.sty
Package: hyperref 2012/11/06 v6.83m Hypertext links for LaTeX

(/usr/share/texlive/texmf-dist/tex/generic/oberdiek/hobsub-hyperref.sty
Package: hobsub-hyperref 2012/05/28 v1.13 Bundle oberdiek, subset hyperref (HO)


(/usr/share/texlive/texmf-dist/tex/generic/oberdiek/hobsub-generic.sty
Package: hobsub-generic 2012/05/28 v1.13 Bundle oberdiek, subset generic (HO)
Package: hobsub 2012/05/28 v1.13 Construct package bundles (HO)
Package hobsub Info: Skipping package `infwarerr' (already loaded).
Package hobsub Info: Skipping package `ltxcmds' (already loaded).
Package: ifluatex 2010/03/01 v1.3 Provides the ifluatex switch (HO)
Package ifluatex Info: LuaTeX not detected.
Package: ifvtex 2010/03/01 v1.5 Detect VTeX and its facilities (HO)
Package ifvtex Info: VTeX not detected.
Package: intcalc 2007/09/27 v1.1 Expandable calculations with integers (HO)
Package: ifpdf 2011/01/30 v2.3 Provides the ifpdf switch (HO)
Package ifpdf Info: pdfTeX in PDF mode is detected.
Package: etexcmds 2011/02/16 v1.5 Avoid name clashes with e-TeX commands (HO)
Package etexcmds Info: Could not find \expanded.
(etexcmds)             That can mean that you are not using pdfTeX 1.50 or
(etexcmds)             that some package has redefined \expanded.
(etexcmds)             In the latter case, load this package earlier.
Package: kvsetkeys 2012/04/25 v1.16 Key value parser (HO)
Package: kvdefinekeys 2011/04/07 v1.3 Define keys (HO)
Package: pdftexcmds 2011/11/29 v0.20 Utility functions of pdfTeX for LuaTeX (HO
)
Package pdftexcmds Info: LuaTeX not detected.
Package pdftexcmds Info: \pdf@primitive is available.
Package pdftexcmds Info: \pdf@ifprimitive is available.
Package pdftexcmds Info: \pdfdraftmode found.
Package: pdfescape 2011/11/25 v1.13 Implements pdfTeX's escape features (HO)
Package: bigintcalc 2012/04/08 v1.3 Expandable calculations on big integers (HO
)
Package: bitset 2011/01/30 v1.1 Handle bit-vector datatype (HO)
Package: uniquecounter 2011/01/30 v1.2 Provide unlimited unique counter (HO)
)
Package hobsub Info: Skipping package `hobsub' (already loaded).
Package: letltxmacro 2010/09/02 v1.4 Let assignment for LaTeX macros (HO)
Package: hopatch 2012/05/28 v1.2 Wrapper for package hooks (HO)
Package: xcolor-patch 2011/01/30 xcolor patch
Package: atveryend 2011/06/30 v1.8 Hooks at the very end of document (HO)
Package atveryend Info: \enddocument detected (standard20110627).
Package: atbegshi 2011/10/05 v1.16 At begin shipout hook (HO)
Package: refcount 2011/10/16 v3.4 Data extraction from label references (HO)
Package: hycolor 2011/01/30 v1.7 Color options for hyperref/bookmark (HO)
)
(/usr/share/texlive/texmf-dist/tex/generic/ifxetex/ifxetex.sty
Package: ifxetex 2010/09/12 v0.6 Provides ifxetex conditional
)
(/usr/share/texlive/texmf-dist/tex/latex/oberdiek/auxhook.sty
Package: auxhook 2011/03/04 v1.3 Hooks for auxiliary files (HO)
)
(/usr/share/texlive/texmf-dist/tex/latex/oberdiek/kvoptions.sty
Package: kvoptions 2011/06/30 v3.11 Key value format for package options (HO)
)
\@linkdim=\dimen146
\Hy@linkcounter=\count128
\Hy@pagecounter=\count129

(/usr/share/texlive/texmf-dist/tex/latex/hyperref/pd1enc.def
File: pd1enc.def 2012/11/06 v6.83m Hyperref: PDFDocEncoding definition (HO)
)
\Hy@SavedSpaceFactor=\count130

(/usr/share/texlive/texmf-dist/tex/latex/latexconfig/hyperref.cfg
File: hyperref.cfg 2002/06/06 v1.2 hyperref configuration of TeXLive
)
Package hyperref Info: Hyper figures OFF on input line 4443.
Package hyperref Info: Link nesting OFF on input line 4448.
Package hyperref Info: Hyper index ON on input line 4451.
Package hyperref Info: Plain pages OFF on input line 4458.
Package hyperref Info: Backreferencing OFF on input line 4463.
Package hyperref Info: Implicit mode ON; LaTeX internals redefined.
Package hyperref Info: Bookmarks ON on input line 4688.
\c@Hy@tempcnt=\count131

(/usr/share/texlive/texmf-dist/tex/latex/url/url.sty
\Urlmuskip=\muskip11
Package: url 2013/09/16  ver 3.4  Verb mode for urls, etc.
)
LaTeX Info: Redefining \url on input line 5041.
\XeTeXLinkMargin=\dimen147
\Fld@menulength=\count132
\Field@Width=\dimen148
\Fld@charsize=\dimen149
Package hyperref Info: Hyper figures OFF on input line 6295.
Package hyperref Info: Link nesting OFF on input line 6300.
Package hyperref Info: Hyper index ON on input line 6303.
Package hyperref Info: backreferencing OFF on input line 6310.
Package hyperref Info: Link coloring OFF on input line 6315.
Package hyperref Info: Link coloring with OCG OFF on input line 6320.
Package hyperref Info: PDF/A mode OFF on input line 6325.
LaTeX Info: Redefining \ref on input line 6365.
LaTeX Info: Redefining \pageref on input line 6369.
\Hy@abspage=\count133
\c@Item=\count134
\c@Hfootnote=\count135
)

Package hyperref Message: Driver (autodetected): hpdftex.

(/usr/share/texlive/texmf-dist/tex/latex/hyperref/hpdftex.def
File: hpdftex.def 2012/11/06 v6.83m Hyperref driver for pdfTeX
\Fld@listcount=\count136
\c@bookmark@seq@number=\count137

(/usr/share/texlive/texmf-dist/tex/latex/oberdiek/rerunfilecheck.sty
Package: rerunfilecheck 2011/04/15 v1.7 Rerun checks for auxiliary files (HO)
Package uniquecounter Info: New unique counter `rerunfilecheck' on input line 2
82.
)
\Hy@SectionHShift=\skip50
)
(/usr/share/texlive/texmf-dist/tex/latex/listings/listings.sty
\lst@mode=\count138
\lst@gtempboxa=\box30
\lst@token=\toks23
\lst@length=\count139
\lst@currlwidth=\dimen150
\lst@column=\count140
\lst@pos=\count141
\lst@lostspace=\dimen151
\lst@width=\dimen152
\lst@newlines=\count142
\lst@lineno=\count143
\lst@maxwidth=\dimen153

(/usr/share/texlive/texmf-dist/tex/latex/listings/lstmisc.sty
File: lstmisc.sty 2015/06/04 1.6 (Carsten Heinz)
\c@lstnumber=\count144
\lst@skipnumbers=\count145
\lst@framebox=\box31
)
(/usr/share/texlive/texmf-dist/tex/latex/listings/listings.cfg
File: listings.cfg 2015/06/04 1.6 listings configuration
))
Package: listings 2015/06/04 1.6 (Carsten Heinz)

(/usr/share/texlive/texmf-dist/tex/latex/xcolor/xcolor.sty
Package: xcolor 2007/01/21 v2.11 LaTeX color extensions (UK)

(/usr/share/texlive/texmf-dist/tex/latex/latexconfig/color.cfg
File: color.cfg 2007/01/18 v1.5 color configuration of teTeX/TeXLive
)
Package xcolor Info: Package option `usenames' ignored on input line 216.
Package xcolor Info: Driver file: pdftex.def on input line 225.
LaTeX Info: Redefining \color on input line 702.
Package xcolor Info: Model `cmy' substituted by `cmy0' on input line 1337.
Package xcolor Info: Model `hsb' substituted by `rgb' on input line 1341.
Package xcolor Info: Model `RGB' extended on input line 1353.
Package xcolor Info: Model `HTML' substituted by `rgb' on input line 1355.
Package xcolor Info: Model `Hsb' substituted by `hsb' on input line 1356.
Package xcolor Info: Model `tHsb' substituted by `hsb' on input line 1357.
Package xcolor Info: Model `HSB' substituted by `hsb' on input line 1358.
Package xcolor Info: Model `Gray' substituted by `gray' on input line 1359.
Package xcolor Info: Model `wave' substituted by `hsb' on input line 1360.

(/usr/share/texlive/texmf-dist/tex/latex/graphics/dvipsnam.def
File: dvipsnam.def 2015/12/30 v3.0k Driver-dependent file (DPC,SPQR)
))
(/usr/share/texlive/texmf-dist/tex/latex/algorithmicx/algpseudocode.sty
Package: algpseudocode 

(/usr/share/texlive/texmf-dist/tex/latex/base/ifthen.sty
Package: ifthen 2014/09/29 v1.1c Standard LaTeX ifthen package (DPC)
)
(/usr/share/texlive/texmf-dist/tex/latex/algorithmicx/algorithmicx.sty
Package: algorithmicx 2005/04/27 v1.2 Algorithmicx

Document Style algorithmicx 1.2 - a greatly improved `algorithmic' style
\c@ALG@line=\count146
\c@ALG@rem=\count147
\c@ALG@nested=\count148
\ALG@tlm=\skip51
\ALG@thistlm=\skip52
\c@ALG@Lnr=\count149
\c@ALG@blocknr=\count150
\c@ALG@storecount=\count151
\c@ALG@tmpcounter=\count152
\ALG@tmplength=\skip53
)
Document Style - pseudocode environments for use with the `algorithmicx' style
) (/usr/share/texlive/texmf-dist/tex/latex/algorithms/algorithm.sty
Package: algorithm 2009/08/24 v0.1 Document Style `algorithm' - floating enviro
nment

(/usr/share/texlive/texmf-dist/tex/latex/float/float.sty
Package: float 2001/11/08 v1.3d Float enhancements (AL)
\c@float@type=\count153
\float@exts=\toks24
\float@box=\box32
\@float@everytoks=\toks25
\@floatcapt=\box33
)
\@float@every@algorithm=\toks26
\c@algorithm=\count154
)
(./lab4_perceptronClassifier.aux)
\openout1 = `lab4_perceptronClassifier.aux'.

LaTeX Font Info:    Checking defaults for OML/cmm/m/it on input line 400.
LaTeX Font Info:    ... okay on input line 400.
LaTeX Font Info:    Checking defaults for T1/cmr/m/n on input line 400.
LaTeX Font Info:    ... okay on input line 400.
LaTeX Font Info:    Checking defaults for OT1/cmr/m/n on input line 400.
LaTeX Font Info:    ... okay on input line 400.
LaTeX Font Info:    Checking defaults for OMS/cmsy/m/n on input line 400.
LaTeX Font Info:    ... okay on input line 400.
LaTeX Font Info:    Checking defaults for OMX/cmex/m/n on input line 400.
LaTeX Font Info:    ... okay on input line 400.
LaTeX Font Info:    Checking defaults for U/cmr/m/n on input line 400.
LaTeX Font Info:    ... okay on input line 400.
LaTeX Font Info:    Checking defaults for PD1/pdf/m/n on input line 400.
LaTeX Font Info:    ... okay on input line 400.

-- Lines per column: 58 (exact).
(/usr/share/texlive/texmf-dist/tex/context/base/supp-pdf.mkii
[Loading MPS to PDF converter (version 2006.09.02).]
\scratchcounter=\count155
\scratchdimen=\dimen154
\scratchbox=\box34
\nofMPsegments=\count156
\nofMParguments=\count157
\everyMPshowfont=\toks27
\MPscratchCnt=\count158
\MPscratchDim=\dimen155
\MPnumerator=\count159
\makeMPintoPDFobject=\count160
\everyMPtoPDFconversion=\toks28
) (/usr/share/texlive/texmf-dist/tex/latex/oberdiek/epstopdf-base.sty
Package: epstopdf-base 2010/02/09 v2.5 Base part for package epstopdf

(/usr/share/texlive/texmf-dist/tex/latex/oberdiek/grfext.sty
Package: grfext 2010/08/19 v1.1 Manage graphics extensions (HO)
)
Package grfext Info: Graphics extension search list:
(grfext)             [.png,.pdf,.jpg,.mps,.jpeg,.jbig2,.jb2,.PNG,.PDF,.JPG,.JPE
G,.JBIG2,.JB2,.eps]
(grfext)             \AppendGraphicsExtensions on input line 452.

(/usr/share/texlive/texmf-dist/tex/latex/latexconfig/epstopdf-sys.cfg
File: epstopdf-sys.cfg 2010/07/13 v1.3 Configuration of (r)epstopdf for TeX Liv
e
))
Package caption Info: Begin \AtBeginDocument code.
Package caption Info: float package is loaded.
Package caption Info: hyperref package is loaded.
Package caption Info: listings package is loaded.
Package caption Info: End \AtBeginDocument code.
\AtBeginShipoutBox=\box35
Package hyperref Info: Link coloring OFF on input line 400.

(/usr/share/texlive/texmf-dist/tex/latex/hyperref/nameref.sty
Package: nameref 2012/10/27 v2.43 Cross-referencing by name of section

(/usr/share/texlive/texmf-dist/tex/generic/oberdiek/gettitlestring.sty
Package: gettitlestring 2010/12/03 v1.4 Cleanup title references (HO)
)
\c@section@level=\count161
)
LaTeX Info: Redefining \ref on input line 400.
LaTeX Info: Redefining \pageref on input line 400.
LaTeX Info: Redefining \nameref on input line 400.

(./lab4_perceptronClassifier.out) (./lab4_perceptronClassifier.out)
\@outlinefile=\write3
\openout3 = `lab4_perceptronClassifier.out'.

\c@lstlisting=\count162

(/usr/share/texlive/texmf-dist/tex/latex/listings/lstlang1.sty
File: lstlang1.sty 2015/06/04 1.6 listings language file
)
(./introduction.tex

LaTeX Warning: No positions in optional float specifier.
               Default added (so using `tbp') on input line 20.

<./Images/perceptron_schematic.png, id=85, 653.44125pt x 310.15875pt>
File: ./Images/perceptron_schematic.png Graphic file (type png)

<use ./Images/perceptron_schematic.png>
Package pdftex.def Info: ./Images/perceptron_schematic.png used on input line 2
2.
(pdftex.def)             Requested size: 245.71425pt x 116.62633pt.


LaTeX Warning: No positions in optional float specifier.
               Default added (so using `tbp') on input line 42.

<./Images/K-fold_cross_validation.jpg, id=88, 512.91624pt x 242.9075pt>
File: ./Images/K-fold_cross_validation.jpg Graphic file (type jpg)

<use ./Images/K-fold_cross_validation.jpg>
Package pdftex.def Info: ./Images/K-fold_cross_validation.jpg used on input lin
e 44.
(pdftex.def)             Requested size: 245.71425pt x 116.36446pt.
) (./approach.tex
Underfull \vbox (badness 2644) has occurred while \output is active []

 [1{/var/lib/texmf/fonts/map/pdftex/updmap/pdftex.map}


 <./Images/perceptron_schematic.png> <./Images/K-fold_cross_validation.jpg>]
Underfull \hbox (badness 10000) in paragraph at lines 5--6

 []

Package hyperref Info: bookmark level for unknown algorithm defaults to 0 on in
put line 19.
) (./results.tex
LaTeX Font Info:    Try loading font information for OT1+pcr on input line 3.
 (/usr/share/texlive/texmf-dist/tex/latex/psnfss/ot1pcr.fd
File: ot1pcr.fd 2001/06/04 font definitions for OT1/pcr.
)

LaTeX Warning: No positions in optional float specifier.
               Default added (so using `tbp') on input line 25.

Package epstopdf Info: Source file: <./Images/percep_1a.eps>
(epstopdf)                    date: 2018-01-06 21:08:15
(epstopdf)                    size: 31231 bytes
(epstopdf)             Output file: <./Images/percep_1a-eps-converted-to.pdf>
(epstopdf)                    date: 2018-01-06 21:08:23
(epstopdf)                    size: 14040 bytes
(epstopdf)             Command: <repstopdf --outfile=./Images/percep_1a-eps-con
verted-to.pdf ./Images/percep_1a.eps>
(epstopdf)             \includegraphics on input line 28.
Package epstopdf Info: Output file is already uptodate.
<./Images/percep_1a-eps-converted-to.pdf, id=115, 237.88875pt x 227.85126pt>
File: ./Images/percep_1a-eps-converted-to.pdf Graphic file (type pdf)

<use ./Images/percep_1a-eps-converted-to.pdf>
Package pdftex.def Info: ./Images/percep_1a-eps-converted-to.pdf used on input 
line 28.
(pdftex.def)             Requested size: 129.0pt x 123.56282pt.
Package epstopdf Info: Source file: <./Images/percep_2a.eps>
(epstopdf)                    date: 2018-01-06 21:06:45
(epstopdf)                    size: 31233 bytes
(epstopdf)             Output file: <./Images/percep_2a-eps-converted-to.pdf>
(epstopdf)                    date: 2018-01-06 21:06:48
(epstopdf)                    size: 14045 bytes
(epstopdf)             Command: <repstopdf --outfile=./Images/percep_2a-eps-con
verted-to.pdf ./Images/percep_2a.eps>
(epstopdf)             \includegraphics on input line 35.
Package epstopdf Info: Output file is already uptodate.

<./Images/percep_2a-eps-converted-to.pdf, id=116, 237.88875pt x 227.85126pt>
File: ./Images/percep_2a-eps-converted-to.pdf Graphic file (type pdf)

<use ./Images/percep_2a-eps-converted-to.pdf>
Package pdftex.def Info: ./Images/percep_2a-eps-converted-to.pdf used on input 
line 35.
(pdftex.def)             Requested size: 129.0pt x 123.56282pt.

Overfull \hbox (6.0pt too wide) in paragraph at lines 27--39
 []$[]$$[]$ 
 []


Underfull \hbox (badness 10000) in paragraph at lines 43--44

 []

[2 <./Images/percep_1a-eps-converted-to.pdf> <./Images/percep_2a-eps-converted-
to.pdf>]

LaTeX Warning: No positions in optional float specifier.
               Default added (so using `tbp') on input line 46.

Package epstopdf Info: Source file: <./Images/semeion-digits.eps>
(epstopdf)                    date: 2018-01-09 10:55:30
(epstopdf)                    size: 22879 bytes
(epstopdf)             Output file: <./Images/semeion-digits-eps-converted-to.p
df>
(epstopdf)                    date: 2018-01-09 10:56:15
(epstopdf)                    size: 12054 bytes
(epstopdf)             Command: <repstopdf --outfile=./Images/semeion-digits-ep
s-converted-to.pdf ./Images/semeion-digits.eps>
(epstopdf)             \includegraphics on input line 48.
Package epstopdf Info: Output file is already uptodate.

<./Images/semeion-digits-eps-converted-to.pdf, id=147, 356.33125pt x 339.2675pt
>
File: ./Images/semeion-digits-eps-converted-to.pdf Graphic file (type pdf)
 <use ./Images/semeion-digits-eps-converted-to.pdf>
Package pdftex.def Info: ./Images/semeion-digits-eps-converted-to.pdf used on i
nput line 48.
(pdftex.def)             Requested size: 206.39685pt x 194.89111pt.


LaTeX Warning: No positions in optional float specifier.
               Default added (so using `tbp') on input line 54.

Package epstopdf Info: Source file: <./Images/CV_scores_0.eps>
(epstopdf)                    date: 2018-01-07 18:25:55
(epstopdf)                    size: 117078 bytes
(epstopdf)             Output file: <./Images/CV_scores_0-eps-converted-to.pdf>

(epstopdf)                    date: 2018-01-07 18:25:58
(epstopdf)                    size: 66069 bytes
(epstopdf)             Command: <repstopdf --outfile=./Images/CV_scores_0-eps-c
onverted-to.pdf ./Images/CV_scores_0.eps>
(epstopdf)             \includegraphics on input line 102.
Package epstopdf Info: Output file is already uptodate.
<./Images/CV_scores_0-eps-converted-to.pdf, id=150, 369.38pt x 218.8175pt>
File: ./Images/CV_scores_0-eps-converted-to.pdf Graphic file (type pdf)

<use ./Images/CV_scores_0-eps-converted-to.pdf>
Package pdftex.def Info: ./Images/CV_scores_0-eps-converted-to.pdf used on inpu
t line 102.
(pdftex.def)             Requested size: 232.19843pt x 137.55191pt.

Underfull \hbox (badness 10000) in paragraph at lines 115--116

 []


LaTeX Warning: No positions in optional float specifier.
               Default added (so using `tbp') on input line 118.

[3 <./Images/semeion-digits-eps-converted-to.pdf> <./Images/CV_scores_0-eps-con
verted-to.pdf>]
Package epstopdf Info: Source file: <./Images/knn_gridsearchCV_0.eps>
(epstopdf)                    date: 2018-01-07 03:06:34
(epstopdf)                    size: 97089 bytes
(epstopdf)             Output file: <./Images/knn_gridsearchCV_0-eps-converted-
to.pdf>
(epstopdf)                    date: 2018-01-07 03:38:50
(epstopdf)                    size: 49463 bytes
(epstopdf)             Command: <repstopdf --outfile=./Images/knn_gridsearchCV_
0-eps-converted-to.pdf ./Images/knn_gridsearchCV_0.eps>
(epstopdf)             \includegraphics on input line 191.
Package epstopdf Info: Output file is already uptodate.

<./Images/knn_gridsearchCV_0-eps-converted-to.pdf, id=187, 384.43625pt x 262.98
25pt>
File: ./Images/knn_gridsearchCV_0-eps-converted-to.pdf Graphic file (type pdf)
 <use ./Images/knn_gridsearchCV_0-eps-converted-to.pdf>
Package pdftex.def Info: ./Images/knn_gridsearchCV_0-eps-converted-to.pdf used 
on input line 191.
(pdftex.def)             Requested size: 232.19843pt x 158.84607pt.


Package hyperref Warning: Token not allowed in a PDF string (PDFDocEncoding):
(hyperref)                removing `math shift' on input line 196.


Package hyperref Warning: Token not allowed in a PDF string (PDFDocEncoding):
(hyperref)                removing `math shift' on input line 196.


Underfull \hbox (badness 10000) in paragraph at lines 197--198

 []


LaTeX Warning: No positions in optional float specifier.
               Default added (so using `tbp') on input line 200.

Package epstopdf Info: Source file: <./Images/knn_perf_scores.eps>
(epstopdf)                    date: 2017-12-12 02:39:27
(epstopdf)                    size: 131462 bytes
(epstopdf)             Output file: <./Images/knn_perf_scores-eps-converted-to.
pdf>
(epstopdf)                    date: 2017-12-12 02:39:32
(epstopdf)                    size: 138567 bytes
(epstopdf)             Command: <repstopdf --outfile=./Images/knn_perf_scores-e
ps-converted-to.pdf ./Images/knn_perf_scores.eps>
(epstopdf)             \includegraphics on input line 210.
Package epstopdf Info: Output file is already uptodate.

<./Images/knn_perf_scores-eps-converted-to.pdf, id=188, 306.14375pt x 266.9975p
t>
File: ./Images/knn_perf_scores-eps-converted-to.pdf Graphic file (type pdf)
 <use ./Images/knn_perf_scores-eps-converted-to.pdf>
Package pdftex.def Info: ./Images/knn_perf_scores-eps-converted-to.pdf used on 
input line 210.
(pdftex.def)             Requested size: 206.39685pt x 180.00366pt.


LaTeX Warning: No positions in optional float specifier.
               Default added (so using `tbp') on input line 213.

Package epstopdf Info: Source file: <./Images/percep_perf_scores.eps>
(epstopdf)                    date: 2017-12-12 02:38:52
(epstopdf)                    size: 137398 bytes
(epstopdf)             Output file: <./Images/percep_perf_scores-eps-converted-
to.pdf>
(epstopdf)                    date: 2017-12-12 02:39:32
(epstopdf)                    size: 144701 bytes
(epstopdf)             Command: <repstopdf --outfile=./Images/percep_perf_score
s-eps-converted-to.pdf ./Images/percep_perf_scores.eps>
(epstopdf)             \includegraphics on input line 223.
Package epstopdf Info: Output file is already uptodate.

<./Images/percep_perf_scores-eps-converted-to.pdf, id=189, 306.14375pt x 266.99
75pt>
File: ./Images/percep_perf_scores-eps-converted-to.pdf Graphic file (type pdf)
 <use ./Images/percep_perf_scores-eps-converted-to.pdf>
Package pdftex.def Info: ./Images/percep_perf_scores-eps-converted-to.pdf used 
on input line 223.
(pdftex.def)             Requested size: 206.39685pt x 180.00366pt.
 [4 <./Images/knn_gridsearchCV_0-eps-converted-to.pdf> <./Images/knn_perf_score
s-eps-converted-to.pdf> <./Images/percep_perf_scores-eps-converted-to.pdf>]
Underfull \hbox (badness 10000) in paragraph at lines 232--233

 []


LaTeX Warning: No positions in optional float specifier.
               Default added (so using `tbp') on input line 250.

Package epstopdf Info: Source file: <./Images/knn_avgCMat.eps>
(epstopdf)                    date: 2017-12-12 18:14:55
(epstopdf)                    size: 136921 bytes
(epstopdf)             Output file: <./Images/knn_avgCMat-eps-converted-to.pdf>

(epstopdf)                    date: 2017-12-12 18:16:57
(epstopdf)                    size: 147605 bytes
(epstopdf)             Command: <repstopdf --outfile=./Images/knn_avgCMat-eps-c
onverted-to.pdf ./Images/knn_avgCMat.eps>
(epstopdf)             \includegraphics on input line 254.
Package epstopdf Info: Output file is already uptodate.

<./Images/knn_avgCMat-eps-converted-to.pdf, id=209, 338.26375pt x 322.20375pt>
File: ./Images/knn_avgCMat-eps-converted-to.pdf Graphic file (type pdf)

<use ./Images/knn_avgCMat-eps-converted-to.pdf>
Package pdftex.def Info: ./Images/knn_avgCMat-eps-converted-to.pdf used on inpu
t line 254.
(pdftex.def)             Requested size: 206.39685pt x 196.603pt.
Package epstopdf Info: Source file: <./Images/percep_avgCMat.eps>
(epstopdf)                    date: 2017-12-12 18:15:07
(epstopdf)                    size: 145513 bytes
(epstopdf)             Output file: <./Images/percep_avgCMat-eps-converted-to.p
df>
(epstopdf)                    date: 2017-12-12 18:16:58
(epstopdf)                    size: 153970 bytes
(epstopdf)             Command: <repstopdf --outfile=./Images/percep_avgCMat-ep
s-converted-to.pdf ./Images/percep_avgCMat.eps>
(epstopdf)             \includegraphics on input line 262.
Package epstopdf Info: Output file is already uptodate.

<./Images/percep_avgCMat-eps-converted-to.pdf, id=210, 338.26375pt x 322.20375p
t>
File: ./Images/percep_avgCMat-eps-converted-to.pdf Graphic file (type pdf)
 <use ./Images/percep_avgCMat-eps-converted-to.pdf>
Package pdftex.def Info: ./Images/percep_avgCMat-eps-converted-to.pdf used on i
nput line 262.
(pdftex.def)             Requested size: 206.39685pt x 196.603pt.
) [5 <./Images/knn_avgCMat-eps-converted-to.pdf> <./Images/percep_avgCMat-eps-c
onverted-to.pdf>]
(./lab4_perceptronClassifier.bbl
Underfull \hbox (badness 10000) in paragraph at lines 36--39
[]\OT1/ptm/m/n/8 A. Ng, ``Ma-chine learn-ing,'' []$https : / / www . coursera .
 org / learn /
 []

)
Package atveryend Info: Empty hook `BeforeClearDocument' on input line 725.
 [6

]
Package atveryend Info: Empty hook `AfterLastShipout' on input line 725.
 (./lab4_perceptronClassifier.aux)
Package atveryend Info: Executing hook `AtVeryEndDocument' on input line 725.
Package atveryend Info: Executing hook `AtEndAfterFileList' on input line 725.
Package rerunfilecheck Info: File `lab4_perceptronClassifier.out' has not chang
ed.
(rerunfilecheck)             Checksum: 03DAEDA02809E45F9A496C5DEE3850D0;1469.
Package atveryend Info: Empty hook `AtVeryVeryEnd' on input line 725.
 ) 
Here is how much of TeX's memory you used:
 11008 strings out of 493029
 167510 string characters out of 6136234
 301086 words of memory out of 5000000
 14294 multiletter control sequences out of 15000+600000
 46193 words of font info for 94 fonts, out of 8000000 for 9000
 1144 hyphenation exceptions out of 8191
 42i,15n,40p,790b,1502s stack positions out of 5000i,500n,10000p,200000b,80000s
{/usr/share/texlive/texmf-dist/fonts/enc/dvips/base/8r.enc}</usr/share/texliv
e/texmf-dist/fonts/type1/public/amsfonts/cm/cmex10.pfb></usr/share/texlive/texm
f-dist/fonts/type1/public/amsfonts/cm/cmmi10.pfb></usr/share/texlive/texmf-dist
/fonts/type1/public/amsfonts/cm/cmmi7.pfb></usr/share/texlive/texmf-dist/fonts/
type1/public/amsfonts/cm/cmmi8.pfb></usr/share/texlive/texmf-dist/fonts/type1/p
ublic/amsfonts/cm/cmmi9.pfb></usr/share/texlive/texmf-dist/fonts/type1/public/a
msfonts/cm/cmmib10.pfb></usr/share/texlive/texmf-dist/fonts/type1/public/amsfon
ts/cm/cmr10.pfb></usr/share/texlive/texmf-dist/fonts/type1/public/amsfonts/cm/c
mr7.pfb></usr/share/texlive/texmf-dist/fonts/type1/public/amsfonts/cm/cmr9.pfb>
</usr/share/texlive/texmf-dist/fonts/type1/public/amsfonts/cm/cmsy10.pfb></usr/
share/texlive/texmf-dist/fonts/type1/public/amsfonts/cm/cmsy7.pfb></usr/share/t
exlive/texmf-dist/fonts/type1/urw/courier/ucrr8a.pfb></usr/share/texlive/texmf-
dist/fonts/type1/urw/times/utmb8a.pfb></usr/share/texlive/texmf-dist/fonts/type
1/urw/times/utmbi8a.pfb></usr/share/texlive/texmf-dist/fonts/type1/urw/times/ut
mr8a.pfb></usr/share/texlive/texmf-dist/fonts/type1/urw/times/utmri8a.pfb>
Output written on lab4_perceptronClassifier.pdf (6 pages, 1052794 bytes).
PDF statistics:
 302 PDF objects out of 1000 (max. 8388607)
 257 compressed objects within 3 object streams
 78 named destinations out of 1000 (max. 500000)
 222 words of extra memory for PDF output out of 10000 (max. 10000000)

