\BOOKMARK [1][-]{section.1}{Introduction}{}% 1
\BOOKMARK [2][-]{subsection.1.1}{Perceptron classifier}{section.1}% 2
\BOOKMARK [2][-]{subsection.1.2}{Cross-validation}{section.1}% 3
\BOOKMARK [1][-]{section.2}{Approach}{}% 4
\BOOKMARK [2][-]{subsection.2.1}{Training step \(learning\)}{section.2}% 5
\BOOKMARK [3][-]{subsubsection.2.1.1}{Online learning}{subsection.2.1}% 6
\BOOKMARK [2][-]{subsection.2.2}{Testing step \(prediction\)}{section.2}% 7
\BOOKMARK [1][-]{section.3}{Experimental results \046 analysis}{}% 8
\BOOKMARK [2][-]{subsection.3.1}{Perceptron classifier}{section.3}% 9
\BOOKMARK [3][-]{figure.caption.3}{2D visualization}{subsection.3.1}% 10
\BOOKMARK [3][-]{figure.caption.4}{Is the semeion-digits dataset linearly separable?}{subsection.3.1}% 11
\BOOKMARK [2][-]{subsection.3.2}{Cross-validation}{section.3}% 12
\BOOKMARK [3][-]{figure.caption.6}{How does the number of folds influence the classifier performance?}{subsection.3.2}% 13
\BOOKMARK [3][-]{table.caption.7}{Leave-one-out cross-validation}{subsection.3.2}% 14
\BOOKMARK [3][-]{subsubsection.3.2.3}{Adjusting hyper-parameters with CV}{subsection.3.2}% 15
\BOOKMARK [2][-]{subsection.3.3}{Perceptron vs k-NN algorithm}{section.3}% 16
\BOOKMARK [3][-]{table.caption.10}{Binarized targets}{subsection.3.3}% 17
\BOOKMARK [3][-]{subsubsection.3.3.2}{Multiclass classification}{subsection.3.3}% 18
\BOOKMARK [1][-]{section.4}{Conclusions}{}% 19
\BOOKMARK [1][-]{section*.12}{References}{}% 20
