This is pdfTeX, Version 3.14159265-2.6-1.40.16 (TeX Live 2015/Debian) (preloaded format=pdflatex 2017.8.31)  16 NOV 2017 15:05
entering extended mode
 restricted \write18 enabled.
 %&-line parsing enabled.
**lab1_linearClassifiers.tex
(./lab1_linearClassifiers.tex
LaTeX2e <2016/02/01>
Babel <3.9q> and hyphenation patterns for 81 language(s) loaded.
(./IEEEtran.cls
Document Class: IEEEtran 2012/11/21 V1.8c by Harald Hanche-Olsen and Anders Chr
istensen
-- Based on V1.7a by Michael Shell
-- See the "IEEEtran_HOWTO" manual for usage information.
-- http://www.michaelshell.org/tex/ieeetran/
\@IEEEtrantmpdimenA=\dimen102
\@IEEEtrantmpdimenB=\dimen103
\@IEEEtrantmpcountA=\count79
\@IEEEtrantmpcountB=\count80
\@IEEEtrantmptoksA=\toks14
LaTeX Font Info:    Try loading font information for OT1+ptm on input line 373.

(/usr/share/texlive/texmf-dist/tex/latex/psnfss/ot1ptm.fd
File: ot1ptm.fd 2001/06/04 font definitions for OT1/ptm.
)
-- Using 8.5in x 11in (letter) paper.
-- Using PDF output.
\@IEEEnormalsizeunitybaselineskip=\dimen104
-- This is a 10 point document.
\CLASSINFOnormalsizebaselineskip=\dimen105
\CLASSINFOnormalsizeunitybaselineskip=\dimen106
\IEEEnormaljot=\dimen107
LaTeX Font Info:    Font shape `OT1/ptm/bx/n' in size <5> not available
(Font)              Font shape `OT1/ptm/b/n' tried instead on input line 731.
LaTeX Font Info:    Font shape `OT1/ptm/bx/it' in size <5> not available
(Font)              Font shape `OT1/ptm/b/it' tried instead on input line 731.
LaTeX Font Info:    Font shape `OT1/ptm/bx/n' in size <7> not available
(Font)              Font shape `OT1/ptm/b/n' tried instead on input line 731.
LaTeX Font Info:    Font shape `OT1/ptm/bx/it' in size <7> not available
(Font)              Font shape `OT1/ptm/b/it' tried instead on input line 731.
LaTeX Font Info:    Font shape `OT1/ptm/bx/n' in size <8> not available
(Font)              Font shape `OT1/ptm/b/n' tried instead on input line 731.
LaTeX Font Info:    Font shape `OT1/ptm/bx/it' in size <8> not available
(Font)              Font shape `OT1/ptm/b/it' tried instead on input line 731.
LaTeX Font Info:    Font shape `OT1/ptm/bx/n' in size <9> not available
(Font)              Font shape `OT1/ptm/b/n' tried instead on input line 731.
LaTeX Font Info:    Font shape `OT1/ptm/bx/it' in size <9> not available
(Font)              Font shape `OT1/ptm/b/it' tried instead on input line 731.
LaTeX Font Info:    Font shape `OT1/ptm/bx/n' in size <10> not available
(Font)              Font shape `OT1/ptm/b/n' tried instead on input line 731.
LaTeX Font Info:    Font shape `OT1/ptm/bx/it' in size <10> not available
(Font)              Font shape `OT1/ptm/b/it' tried instead on input line 731.
LaTeX Font Info:    Font shape `OT1/ptm/bx/n' in size <11> not available
(Font)              Font shape `OT1/ptm/b/n' tried instead on input line 731.
LaTeX Font Info:    Font shape `OT1/ptm/bx/it' in size <11> not available
(Font)              Font shape `OT1/ptm/b/it' tried instead on input line 731.
LaTeX Font Info:    Font shape `OT1/ptm/bx/n' in size <12> not available
(Font)              Font shape `OT1/ptm/b/n' tried instead on input line 731.
LaTeX Font Info:    Font shape `OT1/ptm/bx/it' in size <12> not available
(Font)              Font shape `OT1/ptm/b/it' tried instead on input line 731.
LaTeX Font Info:    Font shape `OT1/ptm/bx/n' in size <17> not available
(Font)              Font shape `OT1/ptm/b/n' tried instead on input line 731.
LaTeX Font Info:    Font shape `OT1/ptm/bx/it' in size <17> not available
(Font)              Font shape `OT1/ptm/b/it' tried instead on input line 731.
LaTeX Font Info:    Font shape `OT1/ptm/bx/n' in size <20> not available
(Font)              Font shape `OT1/ptm/b/n' tried instead on input line 731.
LaTeX Font Info:    Font shape `OT1/ptm/bx/it' in size <20> not available
(Font)              Font shape `OT1/ptm/b/it' tried instead on input line 731.
LaTeX Font Info:    Font shape `OT1/ptm/bx/n' in size <24> not available
(Font)              Font shape `OT1/ptm/b/n' tried instead on input line 731.
LaTeX Font Info:    Font shape `OT1/ptm/bx/it' in size <24> not available
(Font)              Font shape `OT1/ptm/b/it' tried instead on input line 731.
\IEEEilabelindentA=\dimen108
\IEEEilabelindentB=\dimen109
\IEEEilabelindent=\dimen110
\IEEEelabelindent=\dimen111
\IEEEdlabelindent=\dimen112
\IEEElabelindent=\dimen113
\IEEEiednormlabelsep=\dimen114
\IEEEiedmathlabelsep=\dimen115
\IEEEiedtopsep=\skip41
\c@section=\count81
\c@subsection=\count82
\c@subsubsection=\count83
\c@paragraph=\count84
\c@IEEEsubequation=\count85
\abovecaptionskip=\skip42
\belowcaptionskip=\skip43
\c@figure=\count86
\c@table=\count87
\@IEEEeqnnumcols=\count88
\@IEEEeqncolcnt=\count89
\@IEEEtmpitemindent=\dimen116
\c@IEEEbiography=\count90
\@IEEEtranrubishbin=\box26
) (/usr/share/texlive/texmf-dist/tex/latex/blindtext/blindtext.sty
Package: blindtext 2012/01/06 V2.0 blindtext-Package

(/usr/share/texlive/texmf-dist/tex/latex/tools/xspace.sty
Package: xspace 2014/10/28 v1.13 Space after command names (DPC,MH)
)
\c@blindtext=\count91
\c@Blindtext=\count92
\c@blind@countparstart=\count93
\blind@countxx=\count94
\blindtext@numBlindtext=\count95
\blind@countyy=\count96
\c@blindlist=\count97
\c@blindlistlevel=\count98
\c@blindlist@level=\count99
\blind@listitem=\count100
\c@blind@listcount=\count101
\c@blind@levelcount=\count102
\blind@mathformula=\count103
\blind@Mathformula=\count104
\c@blind@randomcount=\count105
\c@blind@randommax=\count106
\c@blind@pangramcount=\count107
\c@blind@pangrammax=\count108
)
(/usr/share/texlive/texmf-dist/tex/latex/graphics/graphicx.sty
Package: graphicx 2014/10/28 v1.0g Enhanced LaTeX Graphics (DPC,SPQR)

(/usr/share/texlive/texmf-dist/tex/latex/graphics/keyval.sty
Package: keyval 2014/10/28 v1.15 key=value parser (DPC)
\KV@toks@=\toks15
)
(/usr/share/texlive/texmf-dist/tex/latex/graphics/graphics.sty
Package: graphics 2016/01/03 v1.0q Standard LaTeX Graphics (DPC,SPQR)

(/usr/share/texlive/texmf-dist/tex/latex/graphics/trig.sty
Package: trig 2016/01/03 v1.10 sin cos tan (DPC)
)
(/usr/share/texlive/texmf-dist/tex/latex/latexconfig/graphics.cfg
File: graphics.cfg 2010/04/23 v1.9 graphics configuration of TeX Live
)
Package graphics Info: Driver file: pdftex.def on input line 95.

(/usr/share/texlive/texmf-dist/tex/latex/pdftex-def/pdftex.def
File: pdftex.def 2011/05/27 v0.06d Graphics/color for pdfTeX

(/usr/share/texlive/texmf-dist/tex/generic/oberdiek/infwarerr.sty
Package: infwarerr 2010/04/08 v1.3 Providing info/warning/error messages (HO)
)
(/usr/share/texlive/texmf-dist/tex/generic/oberdiek/ltxcmds.sty
Package: ltxcmds 2011/11/09 v1.22 LaTeX kernel commands for general use (HO)
)
\Gread@gobject=\count109
))
\Gin@req@height=\dimen117
\Gin@req@width=\dimen118
)
(/usr/share/texlive/texmf-dist/tex/latex/caption/caption.sty
Package: caption 2016/02/21 v3.3-144 Customizing captions (AR)

(/usr/share/texlive/texmf-dist/tex/latex/caption/caption3.sty
Package: caption3 2016/02/04 v1.7-139 caption3 kernel (AR)
Package caption3 Info: TeX engine: e-TeX on input line 67.
\captionmargin=\dimen119
\captionmargin@=\dimen120
\captionwidth=\dimen121
\caption@tempdima=\dimen122
\caption@indent=\dimen123
\caption@parindent=\dimen124
\caption@hangindent=\dimen125
Package caption Info: Unknown document class (or package),
(caption)             standard defaults will be used.
)

Package caption Warning: Unsupported document class (or package) detected,
(caption)                usage of the caption package is not recommended.
See the caption package documentation for explanation.

Package caption Info: \@makecaption = \long macro:#1#2->\ifx \@captype \@IEEEta
blestring \footnotesize {\centering \normalfont \footnotesize #1.\qquad \scshap
e #2\par }\@IEEEtablecaptionsepspace \else \@IEEEfigurecaptionsepspace \setbox 
\@tempboxa \hbox {\normalfont \footnotesize {#1.}~~ #2}\ifdim \wd \@tempboxa >\
hsize \setbox \@tempboxa \hbox {\normalfont \footnotesize {#1.}~~ }\parbox [t]{
\hsize }{\normalfont \footnotesize \noindent \unhbox \@tempboxa #2}\else \ifCLA
SSOPTIONconference \hbox to\hsize {\normalfont \footnotesize \box \@tempboxa \h
fil }\else \hbox to\hsize {\normalfont \footnotesize \box \@tempboxa \hfil }\fi
 \fi \fi .
\c@ContinuedFloat=\count110
) (/usr/share/texlive/texmf-dist/tex/latex/graphics/color.sty
Package: color 2016/01/03 v1.1b Standard LaTeX Color (DPC)

(/usr/share/texlive/texmf-dist/tex/latex/latexconfig/color.cfg
File: color.cfg 2007/01/18 v1.5 color configuration of teTeX/TeXLive
)
Package color Info: Driver file: pdftex.def on input line 143.
)
(/usr/share/texlive/texmf-dist/tex/latex/amsmath/amsmath.sty
Package: amsmath 2016/03/03 v2.15a AMS math features
\@mathmargin=\skip44

For additional information on amsmath, use the `?' option.
(/usr/share/texlive/texmf-dist/tex/latex/amsmath/amstext.sty
Package: amstext 2000/06/29 v2.01 AMS text

(/usr/share/texlive/texmf-dist/tex/latex/amsmath/amsgen.sty
File: amsgen.sty 1999/11/30 v2.0 generic functions
\@emptytoks=\toks16
\ex@=\dimen126
))
(/usr/share/texlive/texmf-dist/tex/latex/amsmath/amsbsy.sty
Package: amsbsy 1999/11/29 v1.2d Bold Symbols
\pmbraise@=\dimen127
)
(/usr/share/texlive/texmf-dist/tex/latex/amsmath/amsopn.sty
Package: amsopn 1999/12/14 v2.01 operator names
)
\inf@bad=\count111
LaTeX Info: Redefining \frac on input line 199.
\uproot@=\count112
\leftroot@=\count113
LaTeX Info: Redefining \overline on input line 297.
\classnum@=\count114
\DOTSCASE@=\count115
LaTeX Info: Redefining \ldots on input line 394.
LaTeX Info: Redefining \dots on input line 397.
LaTeX Info: Redefining \cdots on input line 518.
\Mathstrutbox@=\box27
\strutbox@=\box28
\big@size=\dimen128
LaTeX Font Info:    Redeclaring font encoding OML on input line 630.
LaTeX Font Info:    Redeclaring font encoding OMS on input line 631.
\macc@depth=\count116
\c@MaxMatrixCols=\count117
\dotsspace@=\muskip10
\c@parentequation=\count118
\dspbrk@lvl=\count119
\tag@help=\toks17
\row@=\count120
\column@=\count121
\maxfields@=\count122
\andhelp@=\toks18
\eqnshift@=\dimen129
\alignsep@=\dimen130
\tagshift@=\dimen131
\tagwidth@=\dimen132
\totwidth@=\dimen133
\lineht@=\dimen134
\@envbody=\toks19
\multlinegap=\skip45
\multlinetaggap=\skip46
\mathdisplay@stack=\toks20
LaTeX Info: Redefining \[ on input line 2735.
LaTeX Info: Redefining \] on input line 2736.
)
(/usr/share/texlive/texmf-dist/tex/latex/hyperref/hyperref.sty
Package: hyperref 2012/11/06 v6.83m Hypertext links for LaTeX

(/usr/share/texlive/texmf-dist/tex/generic/oberdiek/hobsub-hyperref.sty
Package: hobsub-hyperref 2012/05/28 v1.13 Bundle oberdiek, subset hyperref (HO)


(/usr/share/texlive/texmf-dist/tex/generic/oberdiek/hobsub-generic.sty
Package: hobsub-generic 2012/05/28 v1.13 Bundle oberdiek, subset generic (HO)
Package: hobsub 2012/05/28 v1.13 Construct package bundles (HO)
Package hobsub Info: Skipping package `infwarerr' (already loaded).
Package hobsub Info: Skipping package `ltxcmds' (already loaded).
Package: ifluatex 2010/03/01 v1.3 Provides the ifluatex switch (HO)
Package ifluatex Info: LuaTeX not detected.
Package: ifvtex 2010/03/01 v1.5 Detect VTeX and its facilities (HO)
Package ifvtex Info: VTeX not detected.
Package: intcalc 2007/09/27 v1.1 Expandable calculations with integers (HO)
Package: ifpdf 2011/01/30 v2.3 Provides the ifpdf switch (HO)
Package ifpdf Info: pdfTeX in PDF mode is detected.
Package: etexcmds 2011/02/16 v1.5 Avoid name clashes with e-TeX commands (HO)
Package etexcmds Info: Could not find \expanded.
(etexcmds)             That can mean that you are not using pdfTeX 1.50 or
(etexcmds)             that some package has redefined \expanded.
(etexcmds)             In the latter case, load this package earlier.
Package: kvsetkeys 2012/04/25 v1.16 Key value parser (HO)
Package: kvdefinekeys 2011/04/07 v1.3 Define keys (HO)
Package: pdftexcmds 2011/11/29 v0.20 Utility functions of pdfTeX for LuaTeX (HO
)
Package pdftexcmds Info: LuaTeX not detected.
Package pdftexcmds Info: \pdf@primitive is available.
Package pdftexcmds Info: \pdf@ifprimitive is available.
Package pdftexcmds Info: \pdfdraftmode found.
Package: pdfescape 2011/11/25 v1.13 Implements pdfTeX's escape features (HO)
Package: bigintcalc 2012/04/08 v1.3 Expandable calculations on big integers (HO
)
Package: bitset 2011/01/30 v1.1 Handle bit-vector datatype (HO)
Package: uniquecounter 2011/01/30 v1.2 Provide unlimited unique counter (HO)
)
Package hobsub Info: Skipping package `hobsub' (already loaded).
Package: letltxmacro 2010/09/02 v1.4 Let assignment for LaTeX macros (HO)
Package: hopatch 2012/05/28 v1.2 Wrapper for package hooks (HO)
Package: xcolor-patch 2011/01/30 xcolor patch
Package: atveryend 2011/06/30 v1.8 Hooks at the very end of document (HO)
Package atveryend Info: \enddocument detected (standard20110627).
Package: atbegshi 2011/10/05 v1.16 At begin shipout hook (HO)
Package: refcount 2011/10/16 v3.4 Data extraction from label references (HO)
Package: hycolor 2011/01/30 v1.7 Color options for hyperref/bookmark (HO)
)
(/usr/share/texlive/texmf-dist/tex/generic/ifxetex/ifxetex.sty
Package: ifxetex 2010/09/12 v0.6 Provides ifxetex conditional
)
(/usr/share/texlive/texmf-dist/tex/latex/oberdiek/auxhook.sty
Package: auxhook 2011/03/04 v1.3 Hooks for auxiliary files (HO)
)
(/usr/share/texlive/texmf-dist/tex/latex/oberdiek/kvoptions.sty
Package: kvoptions 2011/06/30 v3.11 Key value format for package options (HO)
)
\@linkdim=\dimen135
\Hy@linkcounter=\count123
\Hy@pagecounter=\count124

(/usr/share/texlive/texmf-dist/tex/latex/hyperref/pd1enc.def
File: pd1enc.def 2012/11/06 v6.83m Hyperref: PDFDocEncoding definition (HO)
)
\Hy@SavedSpaceFactor=\count125

(/usr/share/texlive/texmf-dist/tex/latex/latexconfig/hyperref.cfg
File: hyperref.cfg 2002/06/06 v1.2 hyperref configuration of TeXLive
)
Package hyperref Info: Hyper figures OFF on input line 4443.
Package hyperref Info: Link nesting OFF on input line 4448.
Package hyperref Info: Hyper index ON on input line 4451.
Package hyperref Info: Plain pages OFF on input line 4458.
Package hyperref Info: Backreferencing OFF on input line 4463.
Package hyperref Info: Implicit mode ON; LaTeX internals redefined.
Package hyperref Info: Bookmarks ON on input line 4688.
\c@Hy@tempcnt=\count126

(/usr/share/texlive/texmf-dist/tex/latex/url/url.sty
\Urlmuskip=\muskip11
Package: url 2013/09/16  ver 3.4  Verb mode for urls, etc.
)
LaTeX Info: Redefining \url on input line 5041.
\XeTeXLinkMargin=\dimen136
\Fld@menulength=\count127
\Field@Width=\dimen137
\Fld@charsize=\dimen138
Package hyperref Info: Hyper figures OFF on input line 6295.
Package hyperref Info: Link nesting OFF on input line 6300.
Package hyperref Info: Hyper index ON on input line 6303.
Package hyperref Info: backreferencing OFF on input line 6310.
Package hyperref Info: Link coloring OFF on input line 6315.
Package hyperref Info: Link coloring with OCG OFF on input line 6320.
Package hyperref Info: PDF/A mode OFF on input line 6325.
LaTeX Info: Redefining \ref on input line 6365.
LaTeX Info: Redefining \pageref on input line 6369.
\Hy@abspage=\count128
\c@Item=\count129
\c@Hfootnote=\count130
)

Package hyperref Message: Driver (autodetected): hpdftex.

(/usr/share/texlive/texmf-dist/tex/latex/hyperref/hpdftex.def
File: hpdftex.def 2012/11/06 v6.83m Hyperref driver for pdfTeX
\Fld@listcount=\count131
\c@bookmark@seq@number=\count132

(/usr/share/texlive/texmf-dist/tex/latex/oberdiek/rerunfilecheck.sty
Package: rerunfilecheck 2011/04/15 v1.7 Rerun checks for auxiliary files (HO)
Package uniquecounter Info: New unique counter `rerunfilecheck' on input line 2
82.
)
\Hy@SectionHShift=\skip47
)
(./lab1_linearClassifiers.aux)
\openout1 = `lab1_linearClassifiers.aux'.

LaTeX Font Info:    Checking defaults for OML/cmm/m/it on input line 396.
LaTeX Font Info:    ... okay on input line 396.
LaTeX Font Info:    Checking defaults for T1/cmr/m/n on input line 396.
LaTeX Font Info:    ... okay on input line 396.
LaTeX Font Info:    Checking defaults for OT1/cmr/m/n on input line 396.
LaTeX Font Info:    ... okay on input line 396.
LaTeX Font Info:    Checking defaults for OMS/cmsy/m/n on input line 396.
LaTeX Font Info:    ... okay on input line 396.
LaTeX Font Info:    Checking defaults for OMX/cmex/m/n on input line 396.
LaTeX Font Info:    ... okay on input line 396.
LaTeX Font Info:    Checking defaults for U/cmr/m/n on input line 396.
LaTeX Font Info:    ... okay on input line 396.
LaTeX Font Info:    Checking defaults for PD1/pdf/m/n on input line 396.
LaTeX Font Info:    ... okay on input line 396.

(/usr/share/texlive/texmf-dist/tex/context/base/supp-pdf.mkii
[Loading MPS to PDF converter (version 2006.09.02).]
\scratchcounter=\count133
\scratchdimen=\dimen139
\scratchbox=\box29
\nofMPsegments=\count134
\nofMParguments=\count135
\everyMPshowfont=\toks21
\MPscratchCnt=\count136
\MPscratchDim=\dimen140
\MPnumerator=\count137
\makeMPintoPDFobject=\count138
\everyMPtoPDFconversion=\toks22
) (/usr/share/texlive/texmf-dist/tex/latex/oberdiek/epstopdf-base.sty
Package: epstopdf-base 2010/02/09 v2.5 Base part for package epstopdf

(/usr/share/texlive/texmf-dist/tex/latex/oberdiek/grfext.sty
Package: grfext 2010/08/19 v1.1 Manage graphics extensions (HO)
)
Package grfext Info: Graphics extension search list:
(grfext)             [.png,.pdf,.jpg,.mps,.jpeg,.jbig2,.jb2,.PNG,.PDF,.JPG,.JPE
G,.JBIG2,.JB2,.eps]
(grfext)             \AppendGraphicsExtensions on input line 452.

(/usr/share/texlive/texmf-dist/tex/latex/latexconfig/epstopdf-sys.cfg
File: epstopdf-sys.cfg 2010/07/13 v1.3 Configuration of (r)epstopdf for TeX Liv
e
))
Package caption Info: Begin \AtBeginDocument code.
Package caption Info: hyperref package is loaded.
Package caption Info: End \AtBeginDocument code.
\AtBeginShipoutBox=\box30
Package hyperref Info: Link coloring OFF on input line 396.

(/usr/share/texlive/texmf-dist/tex/latex/hyperref/nameref.sty
Package: nameref 2012/10/27 v2.43 Cross-referencing by name of section

(/usr/share/texlive/texmf-dist/tex/generic/oberdiek/gettitlestring.sty
Package: gettitlestring 2010/12/03 v1.4 Cleanup title references (HO)
)
\c@section@level=\count139
)
LaTeX Info: Redefining \ref on input line 396.
LaTeX Info: Redefining \pageref on input line 396.
LaTeX Info: Redefining \nameref on input line 396.

(./lab1_linearClassifiers.out) (./lab1_linearClassifiers.out)
\@outlinefile=\write3
\openout3 = `lab1_linearClassifiers.out'.


(./introduction.tex) (./approach.tex) (./results.tex
LaTeX Font Info:    Try loading font information for OT1+pcr on input line 3.

(/usr/share/texlive/texmf-dist/tex/latex/psnfss/ot1pcr.fd
File: ot1pcr.fd 2001/06/04 font definitions for OT1/pcr.
)
Underfull \hbox (badness 1776) in paragraph at lines 5--6
[]\OT1/pcr/m/n/10 iris-2class.txt\OT1/ptm/m/n/10 : mod-i-fied ver-sion of the i
ris
 []


Underfull \hbox (badness 10000) in paragraph at lines 8--9

 []

Package epstopdf Info: Source file: <./Images/dataset1_1.eps>
(epstopdf)                    date: 2017-10-17 00:43:49
(epstopdf)                    size: 35349 bytes
(epstopdf)             Output file: <./Images/dataset1_1-eps-converted-to.pdf>
(epstopdf)                    date: 2017-10-17 00:47:44
(epstopdf)                    size: 17211 bytes
(epstopdf)             Command: <repstopdf --outfile=./Images/dataset1_1-eps-co
nverted-to.pdf ./Images/dataset1_1.eps>
(epstopdf)             \includegraphics on input line 50.
Package epstopdf Info: Output file is already uptodate.
<./Images/dataset1_1-eps-converted-to.pdf, id=50, 421.575pt x 316.18124pt>
File: ./Images/dataset1_1-eps-converted-to.pdf Graphic file (type pdf)

<use ./Images/dataset1_1-eps-converted-to.pdf>
Package pdftex.def Info: ./Images/dataset1_1-eps-converted-to.pdf used on input
 line 50.
(pdftex.def)             Requested size: 235.84328pt x 176.8866pt.


LaTeX Warning: `h' float specifier changed to `ht'.

Package epstopdf Info: Source file: <./Images/dataset1_2.eps>
(epstopdf)                    date: 2017-10-17 00:44:13
(epstopdf)                    size: 58914 bytes
(epstopdf)             Output file: <./Images/dataset1_2-eps-converted-to.pdf>
(epstopdf)                    date: 2017-10-17 00:47:45
(epstopdf)                    size: 19496 bytes
(epstopdf)             Command: <repstopdf --outfile=./Images/dataset1_2-eps-co
nverted-to.pdf ./Images/dataset1_2.eps>
(epstopdf)             \includegraphics on input line 59.
Package epstopdf Info: Output file is already uptodate.
<./Images/dataset1_2-eps-converted-to.pdf, id=51, 421.575pt x 316.18124pt>
File: ./Images/dataset1_2-eps-converted-to.pdf Graphic file (type pdf)

<use ./Images/dataset1_2-eps-converted-to.pdf>
Package pdftex.def Info: ./Images/dataset1_2-eps-converted-to.pdf used on input
 line 59.
(pdftex.def)             Requested size: 235.84328pt x 176.8866pt.


LaTeX Warning: `h' float specifier changed to `ht'.

[1{/var/lib/texmf/fonts/map/pdftex/updmap/pdftex.map}


]
Package epstopdf Info: Source file: <./Images/dataset2_1.eps>
(epstopdf)                    date: 2017-10-17 01:02:15
(epstopdf)                    size: 35353 bytes
(epstopdf)             Output file: <./Images/dataset2_1-eps-converted-to.pdf>
(epstopdf)                    date: 2017-10-17 01:06:55
(epstopdf)                    size: 17215 bytes
(epstopdf)             Command: <repstopdf --outfile=./Images/dataset2_1-eps-co
nverted-to.pdf ./Images/dataset2_1.eps>
(epstopdf)             \includegraphics on input line 76.
Package epstopdf Info: Output file is already uptodate.

<./Images/dataset2_1-eps-converted-to.pdf, id=89, 421.575pt x 316.18124pt>
File: ./Images/dataset2_1-eps-converted-to.pdf Graphic file (type pdf)

<use ./Images/dataset2_1-eps-converted-to.pdf>
Package pdftex.def Info: ./Images/dataset2_1-eps-converted-to.pdf used on input
 line 76.
(pdftex.def)             Requested size: 235.84328pt x 176.8866pt.


LaTeX Warning: `h' float specifier changed to `ht'.

Package epstopdf Info: Source file: <./Images/dataset3_1.eps>
(epstopdf)                    date: 2017-10-17 01:13:07
(epstopdf)                    size: 61719 bytes
(epstopdf)             Output file: <./Images/dataset3_1-eps-converted-to.pdf>
(epstopdf)                    date: 2017-10-17 01:25:08
(epstopdf)                    size: 26455 bytes
(epstopdf)             Command: <repstopdf --outfile=./Images/dataset3_1-eps-co
nverted-to.pdf ./Images/dataset3_1.eps>
(epstopdf)             \includegraphics on input line 92.
Package epstopdf Info: Output file is already uptodate.
<./Images/dataset3_1-eps-converted-to.pdf, id=90, 421.575pt x 316.18124pt>
File: ./Images/dataset3_1-eps-converted-to.pdf Graphic file (type pdf)

<use ./Images/dataset3_1-eps-converted-to.pdf>
Package pdftex.def Info: ./Images/dataset3_1-eps-converted-to.pdf used on input
 line 92.
(pdftex.def)             Requested size: 235.84328pt x 176.8866pt.


LaTeX Warning: `h' float specifier changed to `ht'.

Package epstopdf Info: Source file: <./Images/dataset3_2.eps>
(epstopdf)                    date: 2017-10-17 01:15:35
(epstopdf)                    size: 80580 bytes
(epstopdf)             Output file: <./Images/dataset3_2-eps-converted-to.pdf>
(epstopdf)                    date: 2017-10-17 01:23:57
(epstopdf)                    size: 28544 bytes
(epstopdf)             Command: <repstopdf --outfile=./Images/dataset3_2-eps-co
nverted-to.pdf ./Images/dataset3_2.eps>
(epstopdf)             \includegraphics on input line 101.
Package epstopdf Info: Output file is already uptodate.
<./Images/dataset3_2-eps-converted-to.pdf, id=91, 421.575pt x 316.18124pt>
File: ./Images/dataset3_2-eps-converted-to.pdf Graphic file (type pdf)

<use ./Images/dataset3_2-eps-converted-to.pdf>
Package pdftex.def Info: ./Images/dataset3_2-eps-converted-to.pdf used on input
 line 101.
(pdftex.def)             Requested size: 235.84328pt x 176.8866pt.
)

LaTeX Warning: `h' float specifier changed to `ht'.

(./analysis.tex
Package epstopdf Info: Source file: <./Images/averages.eps>
(epstopdf)                    date: 2017-10-17 01:36:11
(epstopdf)                    size: 99978 bytes
(epstopdf)             Output file: <./Images/averages-eps-converted-to.pdf>
(epstopdf)                    date: 2017-10-17 01:53:49
(epstopdf)                    size: 57206 bytes
(epstopdf)             Command: <repstopdf --outfile=./Images/averages-eps-conv
erted-to.pdf ./Images/averages.eps>
(epstopdf)             \includegraphics on input line 4.
Package epstopdf Info: Output file is already uptodate.

<./Images/averages-eps-converted-to.pdf, id=92, 421.575pt x 316.18124pt>
File: ./Images/averages-eps-converted-to.pdf Graphic file (type pdf)

<use ./Images/averages-eps-converted-to.pdf>
Package pdftex.def Info: ./Images/averages-eps-converted-to.pdf used on input l
ine 4.
(pdftex.def)             Requested size: 235.84328pt x 176.8866pt.


LaTeX Warning: `h' float specifier changed to `ht'.

) [2 <./Images/dataset1_1-eps-converted-to.pdf> <./Images/dataset1_2-eps-conver
ted-to.pdf> <./Images/dataset2_1-eps-converted-to.pdf> <./Images/dataset3_1-eps
-converted-to.pdf>]
Package epstopdf Info: Source file: <./Images/trials_1.eps>
(epstopdf)                    date: 2017-10-17 02:51:02
(epstopdf)                    size: 102453 bytes
(epstopdf)             Output file: <./Images/trials_1-eps-converted-to.pdf>
(epstopdf)                    date: 2017-10-17 02:54:33
(epstopdf)                    size: 68208 bytes
(epstopdf)             Command: <repstopdf --outfile=./Images/trials_1-eps-conv
erted-to.pdf ./Images/trials_1.eps>
(epstopdf)             \includegraphics on input line 639.
Package epstopdf Info: Output file is already uptodate.

<./Images/trials_1-eps-converted-to.pdf, id=114, 421.575pt x 316.18124pt>
File: ./Images/trials_1-eps-converted-to.pdf Graphic file (type pdf)

<use ./Images/trials_1-eps-converted-to.pdf>
Package pdftex.def Info: ./Images/trials_1-eps-converted-to.pdf used on input l
ine 639.
(pdftex.def)             Requested size: 188.67622pt x 141.50832pt.
Package epstopdf Info: Source file: <./Images/trials_2.eps>
(epstopdf)                    date: 2017-10-17 02:51:35
(epstopdf)                    size: 123258 bytes
(epstopdf)             Output file: <./Images/trials_2-eps-converted-to.pdf>
(epstopdf)                    date: 2017-10-17 02:54:33
(epstopdf)                    size: 82383 bytes
(epstopdf)             Command: <repstopdf --outfile=./Images/trials_2-eps-conv
erted-to.pdf ./Images/trials_2.eps>
(epstopdf)             \includegraphics on input line 646.
Package epstopdf Info: Output file is already uptodate.

<./Images/trials_2-eps-converted-to.pdf, id=115, 421.575pt x 316.18124pt>
File: ./Images/trials_2-eps-converted-to.pdf Graphic file (type pdf)

<use ./Images/trials_2-eps-converted-to.pdf>
Package pdftex.def Info: ./Images/trials_2-eps-converted-to.pdf used on input l
ine 646.
(pdftex.def)             Requested size: 188.67622pt x 141.50832pt.
Package epstopdf Info: Source file: <./Images/trials_3.eps>
(epstopdf)                    date: 2017-10-17 02:53:24
(epstopdf)                    size: 78145 bytes
(epstopdf)             Output file: <./Images/trials_3-eps-converted-to.pdf>
(epstopdf)                    date: 2017-10-17 02:54:34
(epstopdf)                    size: 61075 bytes
(epstopdf)             Command: <repstopdf --outfile=./Images/trials_3-eps-conv
erted-to.pdf ./Images/trials_3.eps>
(epstopdf)             \includegraphics on input line 653.
Package epstopdf Info: Output file is already uptodate.

<./Images/trials_3-eps-converted-to.pdf, id=116, 421.575pt x 316.18124pt>
File: ./Images/trials_3-eps-converted-to.pdf Graphic file (type pdf)

<use ./Images/trials_3-eps-converted-to.pdf>
Package pdftex.def Info: ./Images/trials_3-eps-converted-to.pdf used on input l
ine 653.
(pdftex.def)             Requested size: 188.67622pt x 141.50832pt.
Package epstopdf Info: Source file: <./Images/boxplot_1.eps>
(epstopdf)                    date: 2017-10-17 02:52:19
(epstopdf)                    size: 79879 bytes
(epstopdf)             Output file: <./Images/boxplot_1-eps-converted-to.pdf>
(epstopdf)                    date: 2017-10-17 02:54:34
(epstopdf)                    size: 37914 bytes
(epstopdf)             Command: <repstopdf --outfile=./Images/boxplot_1-eps-con
verted-to.pdf ./Images/boxplot_1.eps>
(epstopdf)             \includegraphics on input line 660.
Package epstopdf Info: Output file is already uptodate.

<./Images/boxplot_1-eps-converted-to.pdf, id=117, 421.575pt x 316.18124pt>
File: ./Images/boxplot_1-eps-converted-to.pdf Graphic file (type pdf)

<use ./Images/boxplot_1-eps-converted-to.pdf>
Package pdftex.def Info: ./Images/boxplot_1-eps-converted-to.pdf used on input 
line 660.
(pdftex.def)             Requested size: 188.67622pt x 141.50832pt.
Package epstopdf Info: Source file: <./Images/boxplot_2.eps>
(epstopdf)                    date: 2017-10-17 02:51:50
(epstopdf)                    size: 77428 bytes
(epstopdf)             Output file: <./Images/boxplot_2-eps-converted-to.pdf>
(epstopdf)                    date: 2017-10-17 02:54:34
(epstopdf)                    size: 40526 bytes
(epstopdf)             Command: <repstopdf --outfile=./Images/boxplot_2-eps-con
verted-to.pdf ./Images/boxplot_2.eps>
(epstopdf)             \includegraphics on input line 667.
Package epstopdf Info: Output file is already uptodate.

<./Images/boxplot_2-eps-converted-to.pdf, id=118, 421.575pt x 316.18124pt>
File: ./Images/boxplot_2-eps-converted-to.pdf Graphic file (type pdf)

<use ./Images/boxplot_2-eps-converted-to.pdf>
Package pdftex.def Info: ./Images/boxplot_2-eps-converted-to.pdf used on input 
line 667.
(pdftex.def)             Requested size: 188.67622pt x 141.50832pt.
Package epstopdf Info: Source file: <./Images/boxplot_3.eps>
(epstopdf)                    date: 2017-10-17 02:53:37
(epstopdf)                    size: 77009 bytes
(epstopdf)             Output file: <./Images/boxplot_3-eps-converted-to.pdf>
(epstopdf)                    date: 2017-10-17 02:54:35
(epstopdf)                    size: 37697 bytes
(epstopdf)             Command: <repstopdf --outfile=./Images/boxplot_3-eps-con
verted-to.pdf ./Images/boxplot_3.eps>
(epstopdf)             \includegraphics on input line 674.
Package epstopdf Info: Output file is already uptodate.

<./Images/boxplot_3-eps-converted-to.pdf, id=119, 421.575pt x 316.18124pt>
File: ./Images/boxplot_3-eps-converted-to.pdf Graphic file (type pdf)

<use ./Images/boxplot_3-eps-converted-to.pdf>
Package pdftex.def Info: ./Images/boxplot_3-eps-converted-to.pdf used on input 
line 674.
(pdftex.def)             Requested size: 188.67622pt x 141.50832pt.


LaTeX Warning: `h' float specifier changed to `ht'.


LaTeX Warning: `h' float specifier changed to `ht'.


LaTeX Warning: `!h' float specifier changed to `!ht'.

(./lab1_linearClassifiers.bbl [3 <./Images/dataset3_2-eps-converted-to.pdf> <./
Images/averages-eps-converted-to.pdf> <./Images/trials_1-eps-converted-to.pdf> 
<./Images/trials_2-eps-converted-to.pdf> <./Images/trials_3-eps-converted-to.pd
f>])
Package atveryend Info: Empty hook `BeforeClearDocument' on input line 757.
 [4

 <./Images/boxplot_1-eps-converted-to.pdf> <./Images/boxplot_2-eps-converted-to
.pdf> <./Images/boxplot_3-eps-converted-to.pdf>]
Package atveryend Info: Empty hook `AfterLastShipout' on input line 757.

(./lab1_linearClassifiers.aux)
Package atveryend Info: Executing hook `AtVeryEndDocument' on input line 757.
Package atveryend Info: Executing hook `AtEndAfterFileList' on input line 757.
Package rerunfilecheck Info: File `lab1_linearClassifiers.out' has not changed.

(rerunfilecheck)             Checksum: 8521B0C7118240BE5FB1D3AD15D3B4DD;611.
Package atveryend Info: Empty hook `AtVeryVeryEnd' on input line 757.
 ) 
Here is how much of TeX's memory you used:
 7778 strings out of 493029
 121757 string characters out of 6136234
 216454 words of memory out of 5000000
 11151 multiletter control sequences out of 15000+600000
 41090 words of font info for 82 fonts, out of 8000000 for 9000
 1144 hyphenation exceptions out of 8191
 36i,9n,39p,683b,459s stack positions out of 5000i,500n,10000p,200000b,80000s
{/usr/share/texlive/texmf-dist/fonts/enc/dvips/base/8r.enc}</usr/share/texliv
e/texmf-dist/fonts/type1/public/amsfonts/cm/cmbx10.pfb></usr/share/texlive/texm
f-dist/fonts/type1/public/amsfonts/cm/cmex10.pfb></usr/share/texlive/texmf-dist
/fonts/type1/public/amsfonts/cm/cmmi10.pfb></usr/share/texlive/texmf-dist/fonts
/type1/public/amsfonts/cm/cmmi7.pfb></usr/share/texlive/texmf-dist/fonts/type1/
public/amsfonts/cm/cmmi9.pfb></usr/share/texlive/texmf-dist/fonts/type1/public/
amsfonts/cm/cmr10.pfb></usr/share/texlive/texmf-dist/fonts/type1/public/amsfont
s/cm/cmr7.pfb></usr/share/texlive/texmf-dist/fonts/type1/public/amsfonts/cm/cmr
9.pfb></usr/share/texlive/texmf-dist/fonts/type1/public/amsfonts/cm/cmsy10.pfb>
</usr/share/texlive/texmf-dist/fonts/type1/urw/courier/ucrr8a.pfb></usr/share/t
exlive/texmf-dist/fonts/type1/urw/times/utmb8a.pfb></usr/share/texlive/texmf-di
st/fonts/type1/urw/times/utmbi8a.pfb></usr/share/texlive/texmf-dist/fonts/type1
/urw/times/utmr8a.pfb></usr/share/texlive/texmf-dist/fonts/type1/urw/times/utmr
i8a.pfb>
Output written on lab1_linearClassifiers.pdf (4 pages, 606278 bytes).
PDF statistics:
 237 PDF objects out of 1000 (max. 8388607)
 191 compressed objects within 2 object streams
 50 named destinations out of 1000 (max. 500000)
 149 words of extra memory for PDF output out of 10000 (max. 10000000)

